DEBUG - 2025-12-03 11:32:06 --> Session: Class initialized using 'CodeIgniter\Session\Handlers\FileHandler' driver.
DEBUG - 2025-12-03 11:32:14 --> Session: Class initialized using 'CodeIgniter\Session\Handlers\FileHandler' driver.
DEBUG - 2025-12-03 11:32:15 --> Session: Class initialized using 'CodeIgniter\Session\Handlers\FileHandler' driver.
DEBUG - 2025-12-03 11:32:22 --> Session: Class initialized using 'CodeIgniter\Session\Handlers\FileHandler' driver.
DEBUG - 2025-12-03 11:32:23 --> Session: Class initialized using 'CodeIgniter\Session\Handlers\FileHandler' driver.
DEBUG - 2025-12-03 11:32:27 --> Session: Class initialized using 'CodeIgniter\Session\Handlers\FileHandler' driver.
DEBUG - 2025-12-03 11:32:46 --> Session: Class initialized using 'CodeIgniter\Session\Handlers\FileHandler' driver.
DEBUG - 2025-12-03 11:32:49 --> Session: Class initialized using 'CodeIgniter\Session\Handlers\FileHandler' driver.
DEBUG - 2025-12-03 11:32:57 --> Session: Class initialized using 'CodeIgniter\Session\Handlers\FileHandler' driver.
DEBUG - 2025-12-03 11:32:58 --> Session: Class initialized using 'CodeIgniter\Session\Handlers\FileHandler' driver.
DEBUG - 2025-12-03 11:33:05 --> Session: Class initialized using 'CodeIgniter\Session\Handlers\FileHandler' driver.
DEBUG - 2025-12-03 11:33:09 --> Session: Class initialized using 'CodeIgniter\Session\Handlers\FileHandler' driver.
DEBUG - 2025-12-03 11:34:15 --> Session: Class initialized using 'CodeIgniter\Session\Handlers\FileHandler' driver.
DEBUG - 2025-12-03 11:34:25 --> Session: Class initialized using 'CodeIgniter\Session\Handlers\FileHandler' driver.
DEBUG - 2025-12-03 12:03:36 --> Session: Class initialized using 'CodeIgniter\Session\Handlers\FileHandler' driver.
DEBUG - 2025-12-03 12:27:12 --> Session: Class initialized using 'CodeIgniter\Session\Handlers\FileHandler' driver.
CRITICAL - 2025-12-03 12:27:16 --> ErrorException: Undefined variable $scopes
[Method: GET, Route: admin/adminusers/edit/8]
in APPPATH\Views\admin\adminuser_form.php on line 33.
 1 APPPATH\Views\admin\adminuser_form.php(33): CodeIgniter\Debug\Exceptions->errorHandler(2, 'Undefined variable $scopes', 'D:\\Work\\xampp824\\htdocs\\ciproject\\app\\Views\\admin\\adminuser_form.php', 33)
 2 SYSTEMPATH\View\View.php(224): include('D:\\Work\\xampp824\\htdocs\\ciproject\\app\\Views\\admin\\adminuser_form.php')
 3 SYSTEMPATH\View\View.php(227): CodeIgniter\View\View->CodeIgniter\View\{closure}()
 4 SYSTEMPATH\Common.php(1173): CodeIgniter\View\View->render('admin/adminuser_form', [], true)
 5 APPPATH\Controllers\Admin\AdminuserController.php(78): view('admin/adminuser_form', [...])
 6 SYSTEMPATH\CodeIgniter.php(933): App\Controllers\Admin\AdminuserController->edit('8')
 7 SYSTEMPATH\CodeIgniter.php(507): CodeIgniter\CodeIgniter->runController(Object(App\Controllers\Admin\AdminuserController))
 8 SYSTEMPATH\CodeIgniter.php(354): CodeIgniter\CodeIgniter->handleRequest(null, Object(Config\Cache), false)
 9 SYSTEMPATH\Boot.php(334): CodeIgniter\CodeIgniter->run()
10 SYSTEMPATH\Boot.php(67): CodeIgniter\Boot::runCodeIgniter(Object(CodeIgniter\CodeIgniter))
11 FCPATH\index.php(59): CodeIgniter\Boot::bootWeb(Object(Config\Paths))
12 SYSTEMPATH\rewrite.php(44): require_once('D:\\Work\\xampp824\\htdocs\\ciproject\\public\\index.php')
CRITICAL - 2025-12-03 12:27:52 --> ErrorException: Undefined variable $scopesModel
[Method: GET, Route: admin/adminusers/edit/8]
in APPPATH\Controllers\Admin\AdminuserController.php on line 78.
 1 APPPATH\Controllers\Admin\AdminuserController.php(78): CodeIgniter\Debug\Exceptions->errorHandler(2, 'Undefined variable $scopesModel', 'D:\\Work\\xampp824\\htdocs\\ciproject\\app\\Controllers\\Admin\\AdminuserController.php', 78)
 2 SYSTEMPATH\CodeIgniter.php(933): App\Controllers\Admin\AdminuserController->edit('8')
 3 SYSTEMPATH\CodeIgniter.php(507): CodeIgniter\CodeIgniter->runController(Object(App\Controllers\Admin\AdminuserController))
 4 SYSTEMPATH\CodeIgniter.php(354): CodeIgniter\CodeIgniter->handleRequest(null, Object(Config\Cache), false)
 5 SYSTEMPATH\Boot.php(334): CodeIgniter\CodeIgniter->run()
 6 SYSTEMPATH\Boot.php(67): CodeIgniter\Boot::runCodeIgniter(Object(CodeIgniter\CodeIgniter))
 7 FCPATH\index.php(59): CodeIgniter\Boot::bootWeb(Object(Config\Paths))
 8 SYSTEMPATH\rewrite.php(44): require_once('D:\\Work\\xampp824\\htdocs\\ciproject\\public\\index.php')
DEBUG - 2025-12-03 12:27:54 --> Session: Class initialized using 'CodeIgniter\Session\Handlers\FileHandler' driver.
CRITICAL - 2025-12-03 12:28:06 --> ErrorException: Undefined variable $scopesModel
[Method: GET, Route: admin/adminusers/edit/8]
in APPPATH\Controllers\Admin\AdminuserController.php on line 78.
 1 APPPATH\Controllers\Admin\AdminuserController.php(78): CodeIgniter\Debug\Exceptions->errorHandler(2, 'Undefined variable $scopesModel', 'D:\\Work\\xampp824\\htdocs\\ciproject\\app\\Controllers\\Admin\\AdminuserController.php', 78)
 2 SYSTEMPATH\CodeIgniter.php(933): App\Controllers\Admin\AdminuserController->edit('8')
 3 SYSTEMPATH\CodeIgniter.php(507): CodeIgniter\CodeIgniter->runController(Object(App\Controllers\Admin\AdminuserController))
 4 SYSTEMPATH\CodeIgniter.php(354): CodeIgniter\CodeIgniter->handleRequest(null, Object(Config\Cache), false)
 5 SYSTEMPATH\Boot.php(334): CodeIgniter\CodeIgniter->run()
 6 SYSTEMPATH\Boot.php(67): CodeIgniter\Boot::runCodeIgniter(Object(CodeIgniter\CodeIgniter))
 7 FCPATH\index.php(59): CodeIgniter\Boot::bootWeb(Object(Config\Paths))
 8 SYSTEMPATH\rewrite.php(44): require_once('D:\\Work\\xampp824\\htdocs\\ciproject\\public\\index.php')
CRITICAL - 2025-12-03 12:28:34 --> ErrorException: Undefined variable $scopesModel
[Method: GET, Route: admin/adminusers/edit/8]
in APPPATH\Controllers\Admin\AdminuserController.php on line 78.
 1 APPPATH\Controllers\Admin\AdminuserController.php(78): CodeIgniter\Debug\Exceptions->errorHandler(2, 'Undefined variable $scopesModel', 'D:\\Work\\xampp824\\htdocs\\ciproject\\app\\Controllers\\Admin\\AdminuserController.php', 78)
 2 SYSTEMPATH\CodeIgniter.php(933): App\Controllers\Admin\AdminuserController->edit('8')
 3 SYSTEMPATH\CodeIgniter.php(507): CodeIgniter\CodeIgniter->runController(Object(App\Controllers\Admin\AdminuserController))
 4 SYSTEMPATH\CodeIgniter.php(354): CodeIgniter\CodeIgniter->handleRequest(null, Object(Config\Cache), false)
 5 SYSTEMPATH\Boot.php(334): CodeIgniter\CodeIgniter->run()
 6 SYSTEMPATH\Boot.php(67): CodeIgniter\Boot::runCodeIgniter(Object(CodeIgniter\CodeIgniter))
 7 FCPATH\index.php(59): CodeIgniter\Boot::bootWeb(Object(Config\Paths))
 8 SYSTEMPATH\rewrite.php(44): require_once('D:\\Work\\xampp824\\htdocs\\ciproject\\public\\index.php')
CRITICAL - 2025-12-03 12:28:38 --> ErrorException: Undefined variable $scopesModel
[Method: GET, Route: admin/adminusers/edit/8]
in APPPATH\Controllers\Admin\AdminuserController.php on line 78.
 1 APPPATH\Controllers\Admin\AdminuserController.php(78): CodeIgniter\Debug\Exceptions->errorHandler(2, 'Undefined variable $scopesModel', 'D:\\Work\\xampp824\\htdocs\\ciproject\\app\\Controllers\\Admin\\AdminuserController.php', 78)
 2 SYSTEMPATH\CodeIgniter.php(933): App\Controllers\Admin\AdminuserController->edit('8')
 3 SYSTEMPATH\CodeIgniter.php(507): CodeIgniter\CodeIgniter->runController(Object(App\Controllers\Admin\AdminuserController))
 4 SYSTEMPATH\CodeIgniter.php(354): CodeIgniter\CodeIgniter->handleRequest(null, Object(Config\Cache), false)
 5 SYSTEMPATH\Boot.php(334): CodeIgniter\CodeIgniter->run()
 6 SYSTEMPATH\Boot.php(67): CodeIgniter\Boot::runCodeIgniter(Object(CodeIgniter\CodeIgniter))
 7 FCPATH\index.php(59): CodeIgniter\Boot::bootWeb(Object(Config\Paths))
 8 SYSTEMPATH\rewrite.php(44): require_once('D:\\Work\\xampp824\\htdocs\\ciproject\\public\\index.php')
DEBUG - 2025-12-03 12:30:28 --> Session: Class initialized using 'CodeIgniter\Session\Handlers\FileHandler' driver.
DEBUG - 2025-12-03 12:30:33 --> Session: Class initialized using 'CodeIgniter\Session\Handlers\FileHandler' driver.
DEBUG - 2025-12-03 12:31:44 --> Session: Class initialized using 'CodeIgniter\Session\Handlers\FileHandler' driver.
CRITICAL - 2025-12-03 14:03:30 --> Error: Call to undefined function function_exist()
[Method: GET, Route: admin/adminusers/edit/9]
in APPPATH\Helpers\Admin\data_helper.php on line 26.
 1 SYSTEMPATH\Common.php(643): include_once()
 2 SYSTEMPATH\Autoloader\Autoloader.php(489): helper([...])
 3 SYSTEMPATH\Boot.php(258): CodeIgniter\Autoloader\Autoloader->loadHelpers()
 4 SYSTEMPATH\Boot.php(64): CodeIgniter\Boot::autoloadHelpers()
 5 FCPATH\index.php(59): CodeIgniter\Boot::bootWeb(Object(Config\Paths))
 6 SYSTEMPATH\rewrite.php(44): require_once('D:\\Work\\xampp824\\htdocs\\ciproject\\public\\index.php')
CRITICAL - 2025-12-03 14:03:30 --> Error: Call to undefined function function_exist()
[Method: GET, Route: .well-known/appspecific/com.chrome.devtools.json]
in APPPATH\Helpers\Admin\data_helper.php on line 26.
 1 SYSTEMPATH\Common.php(643): include_once()
 2 SYSTEMPATH\Autoloader\Autoloader.php(489): helper([...])
 3 SYSTEMPATH\Boot.php(258): CodeIgniter\Autoloader\Autoloader->loadHelpers()
 4 SYSTEMPATH\Boot.php(64): CodeIgniter\Boot::autoloadHelpers()
 5 FCPATH\index.php(59): CodeIgniter\Boot::bootWeb(Object(Config\Paths))
 6 SYSTEMPATH\rewrite.php(44): require_once('D:\\Work\\xampp824\\htdocs\\ciproject\\public\\index.php')
DEBUG - 2025-12-03 13:04:03 --> Session: Class initialized using 'CodeIgniter\Session\Handlers\FileHandler' driver.
DEBUG - 2025-12-03 13:04:44 --> Session: Class initialized using 'CodeIgniter\Session\Handlers\FileHandler' driver.
DEBUG - 2025-12-03 13:05:02 --> Session: Class initialized using 'CodeIgniter\Session\Handlers\FileHandler' driver.
DEBUG - 2025-12-03 13:05:02 --> Session: Class initialized using 'CodeIgniter\Session\Handlers\FileHandler' driver.
DEBUG - 2025-12-03 13:05:24 --> Session: Class initialized using 'CodeIgniter\Session\Handlers\FileHandler' driver.
DEBUG - 2025-12-03 13:05:24 --> Session: Class initialized using 'CodeIgniter\Session\Handlers\FileHandler' driver.
DEBUG - 2025-12-03 13:05:29 --> Session: Class initialized using 'CodeIgniter\Session\Handlers\FileHandler' driver.
DEBUG - 2025-12-03 13:05:31 --> Session: Class initialized using 'CodeIgniter\Session\Handlers\FileHandler' driver.
CRITICAL - 2025-12-03 13:05:49 --> ErrorException: Undefined array key "scope_name"
[Method: POST, Route: admin/scopes/store]
in APPPATH\Controllers\Admin\ScopeController.php on line 72.
 1 APPPATH\Controllers\Admin\ScopeController.php(72): CodeIgniter\Debug\Exceptions->errorHandler(2, 'Undefined array key "scope_name"', 'D:\\Work\\xampp824\\htdocs\\ciproject\\app\\Controllers\\Admin\\ScopeController.php', 72)
 2 SYSTEMPATH\CodeIgniter.php(933): App\Controllers\Admin\ScopeController->store()
 3 SYSTEMPATH\CodeIgniter.php(507): CodeIgniter\CodeIgniter->runController(Object(App\Controllers\Admin\ScopeController))
 4 SYSTEMPATH\CodeIgniter.php(354): CodeIgniter\CodeIgniter->handleRequest(null, Object(Config\Cache), false)
 5 SYSTEMPATH\Boot.php(334): CodeIgniter\CodeIgniter->run()
 6 SYSTEMPATH\Boot.php(67): CodeIgniter\Boot::runCodeIgniter(Object(CodeIgniter\CodeIgniter))
 7 FCPATH\index.php(59): CodeIgniter\Boot::bootWeb(Object(Config\Paths))
 8 SYSTEMPATH\rewrite.php(44): require_once('D:\\Work\\xampp824\\htdocs\\ciproject\\public\\index.php')
DEBUG - 2025-12-03 13:06:45 --> Session: Class initialized using 'CodeIgniter\Session\Handlers\FileHandler' driver.
DEBUG - 2025-12-03 13:06:49 --> Session: Class initialized using 'CodeIgniter\Session\Handlers\FileHandler' driver.
DEBUG - 2025-12-03 13:06:52 --> Session: Class initialized using 'CodeIgniter\Session\Handlers\FileHandler' driver.
DEBUG - 2025-12-03 13:06:55 --> Session: Class initialized using 'CodeIgniter\Session\Handlers\FileHandler' driver.
DEBUG - 2025-12-03 13:06:59 --> Session: Class initialized using 'CodeIgniter\Session\Handlers\FileHandler' driver.
DEBUG - 2025-12-03 13:07:04 --> Session: Class initialized using 'CodeIgniter\Session\Handlers\FileHandler' driver.
DEBUG - 2025-12-03 13:07:04 --> Session: Class initialized using 'CodeIgniter\Session\Handlers\FileHandler' driver.
DEBUG - 2025-12-03 13:07:11 --> Session: Class initialized using 'CodeIgniter\Session\Handlers\FileHandler' driver.
DEBUG - 2025-12-03 13:07:11 --> Session: Class initialized using 'CodeIgniter\Session\Handlers\FileHandler' driver.
DEBUG - 2025-12-03 13:07:16 --> Session: Class initialized using 'CodeIgniter\Session\Handlers\FileHandler' driver.
DEBUG - 2025-12-03 13:07:20 --> Session: Class initialized using 'CodeIgniter\Session\Handlers\FileHandler' driver.
DEBUG - 2025-12-03 13:07:27 --> Session: Class initialized using 'CodeIgniter\Session\Handlers\FileHandler' driver.
DEBUG - 2025-12-03 13:07:32 --> Session: Class initialized using 'CodeIgniter\Session\Handlers\FileHandler' driver.
DEBUG - 2025-12-03 13:07:52 --> Session: Class initialized using 'CodeIgniter\Session\Handlers\FileHandler' driver.
DEBUG - 2025-12-03 13:07:55 --> Session: Class initialized using 'CodeIgniter\Session\Handlers\FileHandler' driver.
DEBUG - 2025-12-03 13:07:55 --> Session: Class initialized using 'CodeIgniter\Session\Handlers\FileHandler' driver.
DEBUG - 2025-12-03 13:08:01 --> Session: Class initialized using 'CodeIgniter\Session\Handlers\FileHandler' driver.
DEBUG - 2025-12-03 13:08:01 --> Session: Class initialized using 'CodeIgniter\Session\Handlers\FileHandler' driver.
DEBUG - 2025-12-03 13:09:26 --> Session: Class initialized using 'CodeIgniter\Session\Handlers\FileHandler' driver.
DEBUG - 2025-12-03 13:27:11 --> Session: Class initialized using 'CodeIgniter\Session\Handlers\FileHandler' driver.
CRITICAL - 2025-12-03 13:27:11 --> Error: Class "ScopesModel" not found
[Method: GET, Route: admin/dashboard]
in APPPATH\Helpers\Admin\data_helper.php on line 37.
 1 APPPATH\Views\layouts\admin\sidebar.php(6): checkModuleInScope('test')
 2 SYSTEMPATH\View\View.php(224): include('D:\\Work\\xampp824\\htdocs\\ciproject\\app\\Views\\layouts\\admin\\sidebar.php')
 3 SYSTEMPATH\View\View.php(227): CodeIgniter\View\View->CodeIgniter\View\{closure}()
 4 SYSTEMPATH\View\View.php(475): CodeIgniter\View\View->render('layouts/admin/sidebar', null, true)
 5 APPPATH\Views\layouts\admin\master.php(20): CodeIgniter\View\View->include('layouts/admin/sidebar')
 6 SYSTEMPATH\View\View.php(224): include('D:\\Work\\xampp824\\htdocs\\ciproject\\app\\Views\\layouts\\admin\\master.php')
 7 SYSTEMPATH\View\View.php(227): CodeIgniter\View\View->CodeIgniter\View\{closure}()
 8 SYSTEMPATH\View\View.php(240): CodeIgniter\View\View->render('layouts/admin/master', [], true)
 9 SYSTEMPATH\Common.php(1173): CodeIgniter\View\View->render('admin/dashboard', [], true)
10 APPPATH\Controllers\Admin\AdminController.php(14): view('admin/dashboard')
11 SYSTEMPATH\CodeIgniter.php(933): App\Controllers\Admin\AdminController->dashboard()
12 SYSTEMPATH\CodeIgniter.php(507): CodeIgniter\CodeIgniter->runController(Object(App\Controllers\Admin\AdminController))
13 SYSTEMPATH\CodeIgniter.php(354): CodeIgniter\CodeIgniter->handleRequest(null, Object(Config\Cache), false)
14 SYSTEMPATH\Boot.php(334): CodeIgniter\CodeIgniter->run()
15 SYSTEMPATH\Boot.php(67): CodeIgniter\Boot::runCodeIgniter(Object(CodeIgniter\CodeIgniter))
16 FCPATH\index.php(59): CodeIgniter\Boot::bootWeb(Object(Config\Paths))
17 SYSTEMPATH\rewrite.php(44): require_once('D:\\Work\\xampp824\\htdocs\\ciproject\\public\\index.php')
DEBUG - 2025-12-03 13:27:36 --> Session: Class initialized using 'CodeIgniter\Session\Handlers\FileHandler' driver.
CRITICAL - 2025-12-03 13:27:36 --> TypeError: json_decode(): Argument #1 ($json) must be of type string, array given
[Method: GET, Route: admin/dashboard]
in APPPATH\Helpers\Admin\data_helper.php on line 39.
 1 APPPATH\Helpers\Admin\data_helper.php(39): json_decode([...])
 2 APPPATH\Views\layouts\admin\sidebar.php(6): checkModuleInScope('test')
 3 SYSTEMPATH\View\View.php(224): include('D:\\Work\\xampp824\\htdocs\\ciproject\\app\\Views\\layouts\\admin\\sidebar.php')
 4 SYSTEMPATH\View\View.php(227): CodeIgniter\View\View->CodeIgniter\View\{closure}()
 5 SYSTEMPATH\View\View.php(475): CodeIgniter\View\View->render('layouts/admin/sidebar', null, true)
 6 APPPATH\Views\layouts\admin\master.php(20): CodeIgniter\View\View->include('layouts/admin/sidebar')
 7 SYSTEMPATH\View\View.php(224): include('D:\\Work\\xampp824\\htdocs\\ciproject\\app\\Views\\layouts\\admin\\master.php')
 8 SYSTEMPATH\View\View.php(227): CodeIgniter\View\View->CodeIgniter\View\{closure}()
 9 SYSTEMPATH\View\View.php(240): CodeIgniter\View\View->render('layouts/admin/master', [], true)
10 SYSTEMPATH\Common.php(1173): CodeIgniter\View\View->render('admin/dashboard', [], true)
11 APPPATH\Controllers\Admin\AdminController.php(14): view('admin/dashboard')
12 SYSTEMPATH\CodeIgniter.php(933): App\Controllers\Admin\AdminController->dashboard()
13 SYSTEMPATH\CodeIgniter.php(507): CodeIgniter\CodeIgniter->runController(Object(App\Controllers\Admin\AdminController))
14 SYSTEMPATH\CodeIgniter.php(354): CodeIgniter\CodeIgniter->handleRequest(null, Object(Config\Cache), false)
15 SYSTEMPATH\Boot.php(334): CodeIgniter\CodeIgniter->run()
16 SYSTEMPATH\Boot.php(67): CodeIgniter\Boot::runCodeIgniter(Object(CodeIgniter\CodeIgniter))
17 FCPATH\index.php(59): CodeIgniter\Boot::bootWeb(Object(Config\Paths))
18 SYSTEMPATH\rewrite.php(44): require_once('D:\\Work\\xampp824\\htdocs\\ciproject\\public\\index.php')
DEBUG - 2025-12-03 13:28:03 --> Session: Class initialized using 'CodeIgniter\Session\Handlers\FileHandler' driver.
DEBUG - 2025-12-03 13:28:32 --> Session: Class initialized using 'CodeIgniter\Session\Handlers\FileHandler' driver.
DEBUG - 2025-12-03 13:28:47 --> Session: Class initialized using 'CodeIgniter\Session\Handlers\FileHandler' driver.
DEBUG - 2025-12-03 13:29:52 --> Session: Class initialized using 'CodeIgniter\Session\Handlers\FileHandler' driver.
CRITICAL - 2025-12-03 13:29:52 --> ErrorException: foreach() argument must be of type array|object, string given
[Method: GET, Route: admin/dashboard]
in APPPATH\Helpers\Admin\data_helper.php on line 40.
 1 APPPATH\Helpers\Admin\data_helper.php(40): CodeIgniter\Debug\Exceptions->errorHandler(2, 'foreach() argument must be of type array|object, string given', 'D:\\Work\\xampp824\\htdocs\\ciproject\\app\\Helpers\\Admin\\data_helper.php', 40)
 2 APPPATH\Views\layouts\admin\sidebar.php(6): checkModuleInScope('test')
 3 SYSTEMPATH\View\View.php(224): include('D:\\Work\\xampp824\\htdocs\\ciproject\\app\\Views\\layouts\\admin\\sidebar.php')
 4 SYSTEMPATH\View\View.php(227): CodeIgniter\View\View->CodeIgniter\View\{closure}()
 5 SYSTEMPATH\View\View.php(475): CodeIgniter\View\View->render('layouts/admin/sidebar', null, true)
 6 APPPATH\Views\layouts\admin\master.php(20): CodeIgniter\View\View->include('layouts/admin/sidebar')
 7 SYSTEMPATH\View\View.php(224): include('D:\\Work\\xampp824\\htdocs\\ciproject\\app\\Views\\layouts\\admin\\master.php')
 8 SYSTEMPATH\View\View.php(227): CodeIgniter\View\View->CodeIgniter\View\{closure}()
 9 SYSTEMPATH\View\View.php(240): CodeIgniter\View\View->render('layouts/admin/master', [], true)
10 SYSTEMPATH\Common.php(1173): CodeIgniter\View\View->render('admin/dashboard', [], true)
11 APPPATH\Controllers\Admin\AdminController.php(14): view('admin/dashboard')
12 SYSTEMPATH\CodeIgniter.php(933): App\Controllers\Admin\AdminController->dashboard()
13 SYSTEMPATH\CodeIgniter.php(507): CodeIgniter\CodeIgniter->runController(Object(App\Controllers\Admin\AdminController))
14 SYSTEMPATH\CodeIgniter.php(354): CodeIgniter\CodeIgniter->handleRequest(null, Object(Config\Cache), false)
15 SYSTEMPATH\Boot.php(334): CodeIgniter\CodeIgniter->run()
16 SYSTEMPATH\Boot.php(67): CodeIgniter\Boot::runCodeIgniter(Object(CodeIgniter\CodeIgniter))
17 FCPATH\index.php(59): CodeIgniter\Boot::bootWeb(Object(Config\Paths))
18 SYSTEMPATH\rewrite.php(44): require_once('D:\\Work\\xampp824\\htdocs\\ciproject\\public\\index.php')
DEBUG - 2025-12-03 13:30:36 --> Session: Class initialized using 'CodeIgniter\Session\Handlers\FileHandler' driver.
CRITICAL - 2025-12-03 13:30:36 --> TypeError: json_decode(): Argument #1 ($json) must be of type string, stdClass given
[Method: GET, Route: admin/dashboard]
in APPPATH\Helpers\Admin\data_helper.php on line 43.
 1 APPPATH\Helpers\Admin\data_helper.php(43): json_decode(Object(stdClass))
 2 APPPATH\Views\layouts\admin\sidebar.php(6): checkModuleInScope('test')
 3 SYSTEMPATH\View\View.php(224): include('D:\\Work\\xampp824\\htdocs\\ciproject\\app\\Views\\layouts\\admin\\sidebar.php')
 4 SYSTEMPATH\View\View.php(227): CodeIgniter\View\View->CodeIgniter\View\{closure}()
 5 SYSTEMPATH\View\View.php(475): CodeIgniter\View\View->render('layouts/admin/sidebar', null, true)
 6 APPPATH\Views\layouts\admin\master.php(20): CodeIgniter\View\View->include('layouts/admin/sidebar')
 7 SYSTEMPATH\View\View.php(224): include('D:\\Work\\xampp824\\htdocs\\ciproject\\app\\Views\\layouts\\admin\\master.php')
 8 SYSTEMPATH\View\View.php(227): CodeIgniter\View\View->CodeIgniter\View\{closure}()
 9 SYSTEMPATH\View\View.php(240): CodeIgniter\View\View->render('layouts/admin/master', [], true)
10 SYSTEMPATH\Common.php(1173): CodeIgniter\View\View->render('admin/dashboard', [], true)
11 APPPATH\Controllers\Admin\AdminController.php(14): view('admin/dashboard')
12 SYSTEMPATH\CodeIgniter.php(933): App\Controllers\Admin\AdminController->dashboard()
13 SYSTEMPATH\CodeIgniter.php(507): CodeIgniter\CodeIgniter->runController(Object(App\Controllers\Admin\AdminController))
14 SYSTEMPATH\CodeIgniter.php(354): CodeIgniter\CodeIgniter->handleRequest(null, Object(Config\Cache), false)
15 SYSTEMPATH\Boot.php(334): CodeIgniter\CodeIgniter->run()
16 SYSTEMPATH\Boot.php(67): CodeIgniter\Boot::runCodeIgniter(Object(CodeIgniter\CodeIgniter))
17 FCPATH\index.php(59): CodeIgniter\Boot::bootWeb(Object(Config\Paths))
18 SYSTEMPATH\rewrite.php(44): require_once('D:\\Work\\xampp824\\htdocs\\ciproject\\public\\index.php')
DEBUG - 2025-12-03 13:30:51 --> Session: Class initialized using 'CodeIgniter\Session\Handlers\FileHandler' driver.
DEBUG - 2025-12-03 13:31:04 --> Session: Class initialized using 'CodeIgniter\Session\Handlers\FileHandler' driver.
DEBUG - 2025-12-03 13:34:50 --> Session: Class initialized using 'CodeIgniter\Session\Handlers\FileHandler' driver.
DEBUG - 2025-12-03 13:34:59 --> Session: Class initialized using 'CodeIgniter\Session\Handlers\FileHandler' driver.
DEBUG - 2025-12-03 13:36:04 --> Session: Class initialized using 'CodeIgniter\Session\Handlers\FileHandler' driver.
DEBUG - 2025-12-03 13:36:07 --> Session: Class initialized using 'CodeIgniter\Session\Handlers\FileHandler' driver.
DEBUG - 2025-12-03 14:55:15 --> Session: Class initialized using 'CodeIgniter\Session\Handlers\FileHandler' driver.
DEBUG - 2025-12-03 14:58:23 --> Session: Class initialized using 'CodeIgniter\Session\Handlers\FileHandler' driver.
DEBUG - 2025-12-03 15:13:07 --> Session: Class initialized using 'CodeIgniter\Session\Handlers\FileHandler' driver.
DEBUG - 2025-12-03 15:13:10 --> Session: Class initialized using 'CodeIgniter\Session\Handlers\FileHandler' driver.
CRITICAL - 2025-12-03 15:13:10 --> TypeError: Cannot access offset of type string on string
[Method: GET, Route: admin/products]
in APPPATH\Helpers\Admin\data_helper.php on line 73.
 1 APPPATH\Views\admin\products_grid.php(91): checkActionInScope('Products', 'edit')
 2 SYSTEMPATH\View\View.php(224): include('D:\\Work\\xampp824\\htdocs\\ciproject\\app\\Views\\admin\\products_grid.php')
 3 SYSTEMPATH\View\View.php(227): CodeIgniter\View\View->CodeIgniter\View\{closure}()
 4 SYSTEMPATH\Common.php(1173): CodeIgniter\View\View->render('admin/products_grid', [], true)
 5 APPPATH\Controllers\Admin\ProductController.php(45): view('admin/products_grid', [...])
 6 SYSTEMPATH\CodeIgniter.php(933): App\Controllers\Admin\ProductController->index()
 7 SYSTEMPATH\CodeIgniter.php(507): CodeIgniter\CodeIgniter->runController(Object(App\Controllers\Admin\ProductController))
 8 SYSTEMPATH\CodeIgniter.php(354): CodeIgniter\CodeIgniter->handleRequest(null, Object(Config\Cache), false)
 9 SYSTEMPATH\Boot.php(334): CodeIgniter\CodeIgniter->run()
10 SYSTEMPATH\Boot.php(67): CodeIgniter\Boot::runCodeIgniter(Object(CodeIgniter\CodeIgniter))
11 FCPATH\index.php(59): CodeIgniter\Boot::bootWeb(Object(Config\Paths))
12 SYSTEMPATH\rewrite.php(44): require_once('D:\\Work\\xampp824\\htdocs\\ciproject\\public\\index.php')
DEBUG - 2025-12-03 15:13:41 --> Session: Class initialized using 'CodeIgniter\Session\Handlers\FileHandler' driver.
CRITICAL - 2025-12-03 15:13:41 --> TypeError: Cannot access offset of type string on string
[Method: GET, Route: admin/products]
in APPPATH\Helpers\Admin\data_helper.php on line 73.
 1 APPPATH\Views\admin\products_grid.php(91): checkActionInScope('Products', 'edit')
 2 SYSTEMPATH\View\View.php(224): include('D:\\Work\\xampp824\\htdocs\\ciproject\\app\\Views\\admin\\products_grid.php')
 3 SYSTEMPATH\View\View.php(227): CodeIgniter\View\View->CodeIgniter\View\{closure}()
 4 SYSTEMPATH\Common.php(1173): CodeIgniter\View\View->render('admin/products_grid', [], true)
 5 APPPATH\Controllers\Admin\ProductController.php(45): view('admin/products_grid', [...])
 6 SYSTEMPATH\CodeIgniter.php(933): App\Controllers\Admin\ProductController->index()
 7 SYSTEMPATH\CodeIgniter.php(507): CodeIgniter\CodeIgniter->runController(Object(App\Controllers\Admin\ProductController))
 8 SYSTEMPATH\CodeIgniter.php(354): CodeIgniter\CodeIgniter->handleRequest(null, Object(Config\Cache), false)
 9 SYSTEMPATH\Boot.php(334): CodeIgniter\CodeIgniter->run()
10 SYSTEMPATH\Boot.php(67): CodeIgniter\Boot::runCodeIgniter(Object(CodeIgniter\CodeIgniter))
11 FCPATH\index.php(59): CodeIgniter\Boot::bootWeb(Object(Config\Paths))
12 SYSTEMPATH\rewrite.php(44): require_once('D:\\Work\\xampp824\\htdocs\\ciproject\\public\\index.php')
DEBUG - 2025-12-03 15:14:17 --> Session: Class initialized using 'CodeIgniter\Session\Handlers\FileHandler' driver.
CRITICAL - 2025-12-03 15:14:17 --> ErrorException: Attempt to read property "module_action" on string
[Method: GET, Route: admin/products]
in APPPATH\Helpers\Admin\data_helper.php on line 73.
 1 APPPATH\Helpers\Admin\data_helper.php(73): CodeIgniter\Debug\Exceptions->errorHandler(2, 'Attempt to read property "module_action" on string', 'D:\\Work\\xampp824\\htdocs\\ciproject\\app\\Helpers\\Admin\\data_helper.php', 73)
 2 APPPATH\Views\admin\products_grid.php(91): checkActionInScope('Products', 'edit')
 3 SYSTEMPATH\View\View.php(224): include('D:\\Work\\xampp824\\htdocs\\ciproject\\app\\Views\\admin\\products_grid.php')
 4 SYSTEMPATH\View\View.php(227): CodeIgniter\View\View->CodeIgniter\View\{closure}()
 5 SYSTEMPATH\Common.php(1173): CodeIgniter\View\View->render('admin/products_grid', [], true)
 6 APPPATH\Controllers\Admin\ProductController.php(45): view('admin/products_grid', [...])
 7 SYSTEMPATH\CodeIgniter.php(933): App\Controllers\Admin\ProductController->index()
 8 SYSTEMPATH\CodeIgniter.php(507): CodeIgniter\CodeIgniter->runController(Object(App\Controllers\Admin\ProductController))
 9 SYSTEMPATH\CodeIgniter.php(354): CodeIgniter\CodeIgniter->handleRequest(null, Object(Config\Cache), false)
10 SYSTEMPATH\Boot.php(334): CodeIgniter\CodeIgniter->run()
11 SYSTEMPATH\Boot.php(67): CodeIgniter\Boot::runCodeIgniter(Object(CodeIgniter\CodeIgniter))
12 FCPATH\index.php(59): CodeIgniter\Boot::bootWeb(Object(Config\Paths))
13 SYSTEMPATH\rewrite.php(44): require_once('D:\\Work\\xampp824\\htdocs\\ciproject\\public\\index.php')
DEBUG - 2025-12-03 15:14:50 --> Session: Class initialized using 'CodeIgniter\Session\Handlers\FileHandler' driver.
CRITICAL - 2025-12-03 15:14:50 --> TypeError: strtolower(): Argument #1 ($string) must be of type string, array given
[Method: GET, Route: admin/products]
in APPPATH\Helpers\Admin\data_helper.php on line 76.
 1 APPPATH\Helpers\Admin\data_helper.php(76): strtolower([...])
 2 APPPATH\Views\admin\products_grid.php(91): checkActionInScope('Products', 'edit')
 3 SYSTEMPATH\View\View.php(224): include('D:\\Work\\xampp824\\htdocs\\ciproject\\app\\Views\\admin\\products_grid.php')
 4 SYSTEMPATH\View\View.php(227): CodeIgniter\View\View->CodeIgniter\View\{closure}()
 5 SYSTEMPATH\Common.php(1173): CodeIgniter\View\View->render('admin/products_grid', [], true)
 6 APPPATH\Controllers\Admin\ProductController.php(45): view('admin/products_grid', [...])
 7 SYSTEMPATH\CodeIgniter.php(933): App\Controllers\Admin\ProductController->index()
 8 SYSTEMPATH\CodeIgniter.php(507): CodeIgniter\CodeIgniter->runController(Object(App\Controllers\Admin\ProductController))
 9 SYSTEMPATH\CodeIgniter.php(354): CodeIgniter\CodeIgniter->handleRequest(null, Object(Config\Cache), false)
10 SYSTEMPATH\Boot.php(334): CodeIgniter\CodeIgniter->run()
11 SYSTEMPATH\Boot.php(67): CodeIgniter\Boot::runCodeIgniter(Object(CodeIgniter\CodeIgniter))
12 FCPATH\index.php(59): CodeIgniter\Boot::bootWeb(Object(Config\Paths))
13 SYSTEMPATH\rewrite.php(44): require_once('D:\\Work\\xampp824\\htdocs\\ciproject\\public\\index.php')
DEBUG - 2025-12-03 15:15:33 --> Session: Class initialized using 'CodeIgniter\Session\Handlers\FileHandler' driver.
DEBUG - 2025-12-03 15:15:58 --> Session: Class initialized using 'CodeIgniter\Session\Handlers\FileHandler' driver.
DEBUG - 2025-12-03 15:16:02 --> Session: Class initialized using 'CodeIgniter\Session\Handlers\FileHandler' driver.
CRITICAL - 2025-12-03 15:16:02 --> TypeError: strtolower(): Argument #1 ($string) must be of type string, array given
[Method: GET, Route: admin/products]
in APPPATH\Helpers\Admin\data_helper.php on line 76.
 1 APPPATH\Helpers\Admin\data_helper.php(76): strtolower([...])
 2 APPPATH\Views\admin\products_grid.php(91): checkActionInScope('Products', 'edit')
 3 SYSTEMPATH\View\View.php(224): include('D:\\Work\\xampp824\\htdocs\\ciproject\\app\\Views\\admin\\products_grid.php')
 4 SYSTEMPATH\View\View.php(227): CodeIgniter\View\View->CodeIgniter\View\{closure}()
 5 SYSTEMPATH\Common.php(1173): CodeIgniter\View\View->render('admin/products_grid', [], true)
 6 APPPATH\Controllers\Admin\ProductController.php(45): view('admin/products_grid', [...])
 7 SYSTEMPATH\CodeIgniter.php(933): App\Controllers\Admin\ProductController->index()
 8 SYSTEMPATH\CodeIgniter.php(507): CodeIgniter\CodeIgniter->runController(Object(App\Controllers\Admin\ProductController))
 9 SYSTEMPATH\CodeIgniter.php(354): CodeIgniter\CodeIgniter->handleRequest(null, Object(Config\Cache), false)
10 SYSTEMPATH\Boot.php(334): CodeIgniter\CodeIgniter->run()
11 SYSTEMPATH\Boot.php(67): CodeIgniter\Boot::runCodeIgniter(Object(CodeIgniter\CodeIgniter))
12 FCPATH\index.php(59): CodeIgniter\Boot::bootWeb(Object(Config\Paths))
13 SYSTEMPATH\rewrite.php(44): require_once('D:\\Work\\xampp824\\htdocs\\ciproject\\public\\index.php')
DEBUG - 2025-12-03 15:16:23 --> Session: Class initialized using 'CodeIgniter\Session\Handlers\FileHandler' driver.
DEBUG - 2025-12-03 15:17:15 --> Session: Class initialized using 'CodeIgniter\Session\Handlers\FileHandler' driver.
DEBUG - 2025-12-03 15:17:53 --> Session: Class initialized using 'CodeIgniter\Session\Handlers\FileHandler' driver.
DEBUG - 2025-12-03 15:17:57 --> Session: Class initialized using 'CodeIgniter\Session\Handlers\FileHandler' driver.
DEBUG - 2025-12-03 15:18:19 --> Session: Class initialized using 'CodeIgniter\Session\Handlers\FileHandler' driver.
DEBUG - 2025-12-03 15:18:19 --> Session: Class initialized using 'CodeIgniter\Session\Handlers\FileHandler' driver.
DEBUG - 2025-12-03 15:18:26 --> Session: Class initialized using 'CodeIgniter\Session\Handlers\FileHandler' driver.
DEBUG - 2025-12-03 15:18:27 --> Session: Class initialized using 'CodeIgniter\Session\Handlers\FileHandler' driver.
DEBUG - 2025-12-03 15:18:44 --> Session: Class initialized using 'CodeIgniter\Session\Handlers\FileHandler' driver.
DEBUG - 2025-12-03 15:19:15 --> Session: Class initialized using 'CodeIgniter\Session\Handlers\FileHandler' driver.
DEBUG - 2025-12-03 15:19:18 --> Session: Class initialized using 'CodeIgniter\Session\Handlers\FileHandler' driver.
DEBUG - 2025-12-03 15:21:15 --> Session: Class initialized using 'CodeIgniter\Session\Handlers\FileHandler' driver.
DEBUG - 2025-12-03 15:23:33 --> Session: Class initialized using 'CodeIgniter\Session\Handlers\FileHandler' driver.
DEBUG - 2025-12-03 15:24:04 --> Session: Class initialized using 'CodeIgniter\Session\Handlers\FileHandler' driver.
DEBUG - 2025-12-03 15:24:21 --> Session: Class initialized using 'CodeIgniter\Session\Handlers\FileHandler' driver.
DEBUG - 2025-12-03 15:24:56 --> Session: Class initialized using 'CodeIgniter\Session\Handlers\FileHandler' driver.
DEBUG - 2025-12-03 15:30:17 --> Session: Class initialized using 'CodeIgniter\Session\Handlers\FileHandler' driver.
DEBUG - 2025-12-03 15:31:58 --> Session: Class initialized using 'CodeIgniter\Session\Handlers\FileHandler' driver.
DEBUG - 2025-12-03 15:34:04 --> Session: Class initialized using 'CodeIgniter\Session\Handlers\FileHandler' driver.
WARNING - 2025-12-03 15:34:09 --> [DEPRECATED] Creation of dynamic property App\Controllers\Admin\QrController::$qrScanModel is deprecated in APPPATH\Controllers\Admin\QrController.php on line 20.
 1 SYSTEMPATH\CodeIgniter.php(903): App\Controllers\Admin\QrController->__construct()
 2 SYSTEMPATH\CodeIgniter.php(498): CodeIgniter\CodeIgniter->createController()
 3 SYSTEMPATH\CodeIgniter.php(354): CodeIgniter\CodeIgniter->handleRequest(null, Object(Config\Cache), false)
 4 SYSTEMPATH\Boot.php(334): CodeIgniter\CodeIgniter->run()
 5 SYSTEMPATH\Boot.php(67): CodeIgniter\Boot::runCodeIgniter(Object(CodeIgniter\CodeIgniter))
 6 FCPATH\index.php(59): CodeIgniter\Boot::bootWeb(Object(Config\Paths))
 7 SYSTEMPATH\rewrite.php(44): require_once('D:\\Work\\xampp824\\htdocs\\ciproject\\public\\index.php')
DEBUG - 2025-12-03 15:34:09 --> Session: Class initialized using 'CodeIgniter\Session\Handlers\FileHandler' driver.
DEBUG - 2025-12-03 15:34:29 --> Session: Class initialized using 'CodeIgniter\Session\Handlers\FileHandler' driver.
DEBUG - 2025-12-03 15:34:29 --> Session: Class initialized using 'CodeIgniter\Session\Handlers\FileHandler' driver.
DEBUG - 2025-12-03 15:34:38 --> Session: Class initialized using 'CodeIgniter\Session\Handlers\FileHandler' driver.
DEBUG - 2025-12-03 15:34:39 --> Session: Class initialized using 'CodeIgniter\Session\Handlers\FileHandler' driver.
DEBUG - 2025-12-03 15:34:45 --> Session: Class initialized using 'CodeIgniter\Session\Handlers\FileHandler' driver.
DEBUG - 2025-12-03 15:35:08 --> Session: Class initialized using 'CodeIgniter\Session\Handlers\FileHandler' driver.
DEBUG - 2025-12-03 15:35:18 --> Session: Class initialized using 'CodeIgniter\Session\Handlers\FileHandler' driver.
DEBUG - 2025-12-03 15:35:21 --> Session: Class initialized using 'CodeIgniter\Session\Handlers\FileHandler' driver.
DEBUG - 2025-12-03 15:35:32 --> Session: Class initialized using 'CodeIgniter\Session\Handlers\FileHandler' driver.
DEBUG - 2025-12-03 15:35:41 --> Session: Class initialized using 'CodeIgniter\Session\Handlers\FileHandler' driver.
DEBUG - 2025-12-03 15:35:45 --> Session: Class initialized using 'CodeIgniter\Session\Handlers\FileHandler' driver.
DEBUG - 2025-12-03 15:35:51 --> Session: Class initialized using 'CodeIgniter\Session\Handlers\FileHandler' driver.
DEBUG - 2025-12-03 15:35:56 --> Session: Class initialized using 'CodeIgniter\Session\Handlers\FileHandler' driver.
DEBUG - 2025-12-03 15:35:59 --> Session: Class initialized using 'CodeIgniter\Session\Handlers\FileHandler' driver.
DEBUG - 2025-12-03 15:36:23 --> Session: Class initialized using 'CodeIgniter\Session\Handlers\FileHandler' driver.
DEBUG - 2025-12-03 15:36:27 --> Session: Class initialized using 'CodeIgniter\Session\Handlers\FileHandler' driver.
DEBUG - 2025-12-03 15:36:29 --> Session: Class initialized using 'CodeIgniter\Session\Handlers\FileHandler' driver.
DEBUG - 2025-12-03 15:36:40 --> Session: Class initialized using 'CodeIgniter\Session\Handlers\FileHandler' driver.
DEBUG - 2025-12-03 16:58:43 --> Session: Class initialized using 'CodeIgniter\Session\Handlers\FileHandler' driver.
DEBUG - 2025-12-03 16:58:44 --> Session: Class initialized using 'CodeIgniter\Session\Handlers\FileHandler' driver.
DEBUG - 2025-12-03 17:06:01 --> Session: Class initialized using 'CodeIgniter\Session\Handlers\FileHandler' driver.
DEBUG - 2025-12-03 17:06:06 --> Session: Class initialized using 'CodeIgniter\Session\Handlers\FileHandler' driver.
DEBUG - 2025-12-03 17:10:21 --> Session: Class initialized using 'CodeIgniter\Session\Handlers\FileHandler' driver.
DEBUG - 2025-12-03 17:11:26 --> Session: Class initialized using 'CodeIgniter\Session\Handlers\FileHandler' driver.
DEBUG - 2025-12-03 17:11:34 --> Session: Class initialized using 'CodeIgniter\Session\Handlers\FileHandler' driver.
DEBUG - 2025-12-03 17:11:37 --> Session: Class initialized using 'CodeIgniter\Session\Handlers\FileHandler' driver.
DEBUG - 2025-12-03 17:11:47 --> Session: Class initialized using 'CodeIgniter\Session\Handlers\FileHandler' driver.
DEBUG - 2025-12-03 17:12:24 --> Session: Class initialized using 'CodeIgniter\Session\Handlers\FileHandler' driver.
DEBUG - 2025-12-03 17:12:30 --> Session: Class initialized using 'CodeIgniter\Session\Handlers\FileHandler' driver.
DEBUG - 2025-12-03 17:18:34 --> Session: Class initialized using 'CodeIgniter\Session\Handlers\FileHandler' driver.
DEBUG - 2025-12-03 17:18:47 --> Session: Class initialized using 'CodeIgniter\Session\Handlers\FileHandler' driver.
DEBUG - 2025-12-03 17:18:53 --> Session: Class initialized using 'CodeIgniter\Session\Handlers\FileHandler' driver.
DEBUG - 2025-12-03 17:19:02 --> Session: Class initialized using 'CodeIgniter\Session\Handlers\FileHandler' driver.
DEBUG - 2025-12-03 17:19:42 --> Session: Class initialized using 'CodeIgniter\Session\Handlers\FileHandler' driver.
DEBUG - 2025-12-03 17:19:44 --> Session: Class initialized using 'CodeIgniter\Session\Handlers\FileHandler' driver.
DEBUG - 2025-12-03 17:20:21 --> Session: Class initialized using 'CodeIgniter\Session\Handlers\FileHandler' driver.
DEBUG - 2025-12-03 17:20:24 --> Session: Class initialized using 'CodeIgniter\Session\Handlers\FileHandler' driver.
DEBUG - 2025-12-03 17:21:02 --> Session: Class initialized using 'CodeIgniter\Session\Handlers\FileHandler' driver.
DEBUG - 2025-12-03 17:21:06 --> Session: Class initialized using 'CodeIgniter\Session\Handlers\FileHandler' driver.
DEBUG - 2025-12-03 17:21:06 --> Session: Class initialized using 'CodeIgniter\Session\Handlers\FileHandler' driver.
DEBUG - 2025-12-03 17:21:14 --> Session: Class initialized using 'CodeIgniter\Session\Handlers\FileHandler' driver.
DEBUG - 2025-12-03 17:21:14 --> Session: Class initialized using 'CodeIgniter\Session\Handlers\FileHandler' driver.
CRITICAL - 2025-12-03 17:21:14 --> ErrorException: Attempt to read property "module_name" on array
[Method: GET, Route: admin/dashboard]
in APPPATH\Helpers\Admin\data_helper.php on line 49.
 1 APPPATH\Helpers\Admin\data_helper.php(49): CodeIgniter\Debug\Exceptions->errorHandler(2, 'Attempt to read property "module_name" on array', 'D:\\Work\\xampp824\\htdocs\\ciproject\\app\\Helpers\\Admin\\data_helper.php', 49)
 2 APPPATH\Views\layouts\admin\sidebar.php(21): checkModuleInScope('Admin Users')
 3 SYSTEMPATH\View\View.php(224): include('D:\\Work\\xampp824\\htdocs\\ciproject\\app\\Views\\layouts\\admin\\sidebar.php')
 4 SYSTEMPATH\View\View.php(227): CodeIgniter\View\View->CodeIgniter\View\{closure}()
 5 SYSTEMPATH\View\View.php(475): CodeIgniter\View\View->render('layouts/admin/sidebar', null, true)
 6 APPPATH\Views\layouts\admin\master.php(20): CodeIgniter\View\View->include('layouts/admin/sidebar')
 7 SYSTEMPATH\View\View.php(224): include('D:\\Work\\xampp824\\htdocs\\ciproject\\app\\Views\\layouts\\admin\\master.php')
 8 SYSTEMPATH\View\View.php(227): CodeIgniter\View\View->CodeIgniter\View\{closure}()
 9 SYSTEMPATH\View\View.php(240): CodeIgniter\View\View->render('layouts/admin/master', [], true)
10 SYSTEMPATH\Common.php(1173): CodeIgniter\View\View->render('admin/dashboard', [], true)
11 APPPATH\Controllers\Admin\AdminController.php(14): view('admin/dashboard')
12 SYSTEMPATH\CodeIgniter.php(933): App\Controllers\Admin\AdminController->dashboard()
13 SYSTEMPATH\CodeIgniter.php(507): CodeIgniter\CodeIgniter->runController(Object(App\Controllers\Admin\AdminController))
14 SYSTEMPATH\CodeIgniter.php(354): CodeIgniter\CodeIgniter->handleRequest(null, Object(Config\Cache), false)
15 SYSTEMPATH\Boot.php(334): CodeIgniter\CodeIgniter->run()
16 SYSTEMPATH\Boot.php(67): CodeIgniter\Boot::runCodeIgniter(Object(CodeIgniter\CodeIgniter))
17 FCPATH\index.php(59): CodeIgniter\Boot::bootWeb(Object(Config\Paths))
18 SYSTEMPATH\rewrite.php(44): require_once('D:\\Work\\xampp824\\htdocs\\ciproject\\public\\index.php')
DEBUG - 2025-12-03 17:24:47 --> Session: Class initialized using 'CodeIgniter\Session\Handlers\FileHandler' driver.
DEBUG - 2025-12-03 17:24:49 --> Session: Class initialized using 'CodeIgniter\Session\Handlers\FileHandler' driver.
DEBUG - 2025-12-03 17:39:20 --> Session: Class initialized using 'CodeIgniter\Session\Handlers\FileHandler' driver.
DEBUG - 2025-12-03 17:39:20 --> Session: Class initialized using 'CodeIgniter\Session\Handlers\FileHandler' driver.
DEBUG - 2025-12-03 17:39:27 --> Session: Class initialized using 'CodeIgniter\Session\Handlers\FileHandler' driver.
DEBUG - 2025-12-03 17:39:27 --> Session: Class initialized using 'CodeIgniter\Session\Handlers\FileHandler' driver.
DEBUG - 2025-12-03 17:39:39 --> Session: Class initialized using 'CodeIgniter\Session\Handlers\FileHandler' driver.
DEBUG - 2025-12-03 17:39:41 --> Session: Class initialized using 'CodeIgniter\Session\Handlers\FileHandler' driver.
DEBUG - 2025-12-03 17:39:58 --> Session: Class initialized using 'CodeIgniter\Session\Handlers\FileHandler' driver.
DEBUG - 2025-12-03 17:40:40 --> Session: Class initialized using 'CodeIgniter\Session\Handlers\FileHandler' driver.
DEBUG - 2025-12-03 17:42:07 --> Session: Class initialized using 'CodeIgniter\Session\Handlers\FileHandler' driver.
DEBUG - 2025-12-03 17:42:20 --> Session: Class initialized using 'CodeIgniter\Session\Handlers\FileHandler' driver.
DEBUG - 2025-12-03 17:42:30 --> Session: Class initialized using 'CodeIgniter\Session\Handlers\FileHandler' driver.
DEBUG - 2025-12-03 17:42:34 --> Session: Class initialized using 'CodeIgniter\Session\Handlers\FileHandler' driver.
DEBUG - 2025-12-03 17:42:40 --> Session: Class initialized using 'CodeIgniter\Session\Handlers\FileHandler' driver.
DEBUG - 2025-12-03 17:42:47 --> Session: Class initialized using 'CodeIgniter\Session\Handlers\FileHandler' driver.
DEBUG - 2025-12-03 17:42:47 --> Session: Class initialized using 'CodeIgniter\Session\Handlers\FileHandler' driver.
DEBUG - 2025-12-03 17:42:53 --> Session: Class initialized using 'CodeIgniter\Session\Handlers\FileHandler' driver.
DEBUG - 2025-12-03 17:42:53 --> Session: Class initialized using 'CodeIgniter\Session\Handlers\FileHandler' driver.
DEBUG - 2025-12-03 17:43:01 --> Session: Class initialized using 'CodeIgniter\Session\Handlers\FileHandler' driver.
DEBUG - 2025-12-03 17:43:01 --> Session: Class initialized using 'CodeIgniter\Session\Handlers\FileHandler' driver.
DEBUG - 2025-12-03 17:43:07 --> Session: Class initialized using 'CodeIgniter\Session\Handlers\FileHandler' driver.
DEBUG - 2025-12-03 17:43:08 --> Session: Class initialized using 'CodeIgniter\Session\Handlers\FileHandler' driver.
DEBUG - 2025-12-03 17:43:55 --> Session: Class initialized using 'CodeIgniter\Session\Handlers\FileHandler' driver.
DEBUG - 2025-12-03 17:43:55 --> Session: Class initialized using 'CodeIgniter\Session\Handlers\FileHandler' driver.
DEBUG - 2025-12-03 17:44:01 --> Session: Class initialized using 'CodeIgniter\Session\Handlers\FileHandler' driver.
DEBUG - 2025-12-03 17:44:01 --> Session: Class initialized using 'CodeIgniter\Session\Handlers\FileHandler' driver.
WARNING - 2025-12-03 17:44:05 --> [DEPRECATED] Creation of dynamic property App\Controllers\Admin\QrController::$qrScanModel is deprecated in APPPATH\Controllers\Admin\QrController.php on line 20.
 1 SYSTEMPATH\CodeIgniter.php(903): App\Controllers\Admin\QrController->__construct()
 2 SYSTEMPATH\CodeIgniter.php(498): CodeIgniter\CodeIgniter->createController()
 3 SYSTEMPATH\CodeIgniter.php(354): CodeIgniter\CodeIgniter->handleRequest(null, Object(Config\Cache), false)
 4 SYSTEMPATH\Boot.php(334): CodeIgniter\CodeIgniter->run()
 5 SYSTEMPATH\Boot.php(67): CodeIgniter\Boot::runCodeIgniter(Object(CodeIgniter\CodeIgniter))
 6 FCPATH\index.php(59): CodeIgniter\Boot::bootWeb(Object(Config\Paths))
 7 SYSTEMPATH\rewrite.php(44): require_once('D:\\Work\\xampp824\\htdocs\\ciproject\\public\\index.php')
DEBUG - 2025-12-03 17:44:05 --> Session: Class initialized using 'CodeIgniter\Session\Handlers\FileHandler' driver.
WARNING - 2025-12-03 17:44:11 --> [DEPRECATED] Creation of dynamic property App\Controllers\Admin\QrController::$qrScanModel is deprecated in APPPATH\Controllers\Admin\QrController.php on line 20.
 1 SYSTEMPATH\CodeIgniter.php(903): App\Controllers\Admin\QrController->__construct()
 2 SYSTEMPATH\CodeIgniter.php(498): CodeIgniter\CodeIgniter->createController()
 3 SYSTEMPATH\CodeIgniter.php(354): CodeIgniter\CodeIgniter->handleRequest(null, Object(Config\Cache), false)
 4 SYSTEMPATH\Boot.php(334): CodeIgniter\CodeIgniter->run()
 5 SYSTEMPATH\Boot.php(67): CodeIgniter\Boot::runCodeIgniter(Object(CodeIgniter\CodeIgniter))
 6 FCPATH\index.php(59): CodeIgniter\Boot::bootWeb(Object(Config\Paths))
 7 SYSTEMPATH\rewrite.php(44): require_once('D:\\Work\\xampp824\\htdocs\\ciproject\\public\\index.php')
DEBUG - 2025-12-03 17:44:11 --> Session: Class initialized using 'CodeIgniter\Session\Handlers\FileHandler' driver.
DEBUG - 2025-12-03 17:44:13 --> Session: Class initialized using 'CodeIgniter\Session\Handlers\FileHandler' driver.
DEBUG - 2025-12-03 17:44:16 --> Session: Class initialized using 'CodeIgniter\Session\Handlers\FileHandler' driver.
DEBUG - 2025-12-03 17:44:16 --> Session: Class initialized using 'CodeIgniter\Session\Handlers\FileHandler' driver.
