DEBUG - 2025-08-21 05:25:05 --> Session: Class initialized using 'CodeIgniter\Session\Handlers\FileHandler' driver.
DEBUG - 2025-08-21 05:25:07 --> Session: Class initialized using 'CodeIgniter\Session\Handlers\FileHandler' driver.
DEBUG - 2025-08-21 05:27:02 --> Session: Class initialized using 'CodeIgniter\Session\Handlers\FileHandler' driver.
DEBUG - 2025-08-21 05:27:03 --> Session: Class initialized using 'CodeIgniter\Session\Handlers\FileHandler' driver.
DEBUG - 2025-08-21 05:27:47 --> Session: Class initialized using 'CodeIgniter\Session\Handlers\FileHandler' driver.
DEBUG - 2025-08-21 05:27:48 --> Session: Class initialized using 'CodeIgniter\Session\Handlers\FileHandler' driver.
DEBUG - 2025-08-21 05:30:20 --> Session: Class initialized using 'CodeIgniter\Session\Handlers\FileHandler' driver.
DEBUG - 2025-08-21 05:30:21 --> Session: Class initialized using 'CodeIgniter\Session\Handlers\FileHandler' driver.
DEBUG - 2025-08-21 05:32:49 --> Session: Class initialized using 'CodeIgniter\Session\Handlers\FileHandler' driver.
DEBUG - 2025-08-21 05:32:49 --> Session: Class initialized using 'CodeIgniter\Session\Handlers\FileHandler' driver.
DEBUG - 2025-08-21 05:33:52 --> Session: Class initialized using 'CodeIgniter\Session\Handlers\FileHandler' driver.
DEBUG - 2025-08-21 05:33:52 --> Session: Class initialized using 'CodeIgniter\Session\Handlers\FileHandler' driver.
DEBUG - 2025-08-21 05:35:38 --> Session: Class initialized using 'CodeIgniter\Session\Handlers\FileHandler' driver.
DEBUG - 2025-08-21 05:45:12 --> Session: Class initialized using 'CodeIgniter\Session\Handlers\FileHandler' driver.
DEBUG - 2025-08-21 05:45:20 --> Session: Class initialized using 'CodeIgniter\Session\Handlers\FileHandler' driver.
DEBUG - 2025-08-21 05:46:31 --> Session: Class initialized using 'CodeIgniter\Session\Handlers\FileHandler' driver.
DEBUG - 2025-08-21 05:46:40 --> Session: Class initialized using 'CodeIgniter\Session\Handlers\FileHandler' driver.
DEBUG - 2025-08-21 05:48:30 --> Session: Class initialized using 'CodeIgniter\Session\Handlers\FileHandler' driver.
DEBUG - 2025-08-21 05:48:37 --> Session: Class initialized using 'CodeIgniter\Session\Handlers\FileHandler' driver.
DEBUG - 2025-08-21 05:49:44 --> Session: Class initialized using 'CodeIgniter\Session\Handlers\FileHandler' driver.
DEBUG - 2025-08-21 05:49:48 --> Session: Class initialized using 'CodeIgniter\Session\Handlers\FileHandler' driver.
DEBUG - 2025-08-21 05:49:51 --> Session: Class initialized using 'CodeIgniter\Session\Handlers\FileHandler' driver.
DEBUG - 2025-08-21 05:50:01 --> Session: Class initialized using 'CodeIgniter\Session\Handlers\FileHandler' driver.
DEBUG - 2025-08-21 05:50:04 --> Session: Class initialized using 'CodeIgniter\Session\Handlers\FileHandler' driver.
DEBUG - 2025-08-21 05:50:05 --> Session: Class initialized using 'CodeIgniter\Session\Handlers\FileHandler' driver.
DEBUG - 2025-08-21 05:50:19 --> Session: Class initialized using 'CodeIgniter\Session\Handlers\FileHandler' driver.
DEBUG - 2025-08-21 05:50:31 --> Session: Class initialized using 'CodeIgniter\Session\Handlers\FileHandler' driver.
DEBUG - 2025-08-21 05:50:40 --> Session: Class initialized using 'CodeIgniter\Session\Handlers\FileHandler' driver.
DEBUG - 2025-08-21 05:50:44 --> Session: Class initialized using 'CodeIgniter\Session\Handlers\FileHandler' driver.
DEBUG - 2025-08-21 05:50:57 --> Session: Class initialized using 'CodeIgniter\Session\Handlers\FileHandler' driver.
DEBUG - 2025-08-21 05:59:34 --> Session: Class initialized using 'CodeIgniter\Session\Handlers\FileHandler' driver.
DEBUG - 2025-08-21 05:59:54 --> Session: Class initialized using 'CodeIgniter\Session\Handlers\FileHandler' driver.
DEBUG - 2025-08-21 06:00:04 --> Session: Class initialized using 'CodeIgniter\Session\Handlers\FileHandler' driver.
DEBUG - 2025-08-21 06:00:04 --> Session: Class initialized using 'CodeIgniter\Session\Handlers\FileHandler' driver.
CRITICAL - 2025-08-21 10:17:24 --> ErrorException: Undefined variable $customers
[Method: GET, Route: admin/products]
in APPPATH\Views\admin\products_grid.php on line 47.
 1 APPPATH\Views\admin\products_grid.php(47): CodeIgniter\Debug\Exceptions->errorHandler(2, 'Undefined variable $customers', 'D:\\Work\\xampp824\\htdocs\\ciproject\\app\\Views\\admin\\products_grid.php', 47)
 2 SYSTEMPATH\View\View.php(224): include('D:\\Work\\xampp824\\htdocs\\ciproject\\app\\Views\\admin\\products_grid.php')
 3 SYSTEMPATH\View\View.php(227): CodeIgniter\View\View->CodeIgniter\View\{closure}()
 4 SYSTEMPATH\Common.php(1173): CodeIgniter\View\View->render('admin/products_grid', [], true)
 5 APPPATH\Controllers\Admin\ProductController.php(15): view('admin/products_grid', [...])
 6 SYSTEMPATH\CodeIgniter.php(933): App\Controllers\Admin\ProductController->index()
 7 SYSTEMPATH\CodeIgniter.php(507): CodeIgniter\CodeIgniter->runController(Object(App\Controllers\Admin\ProductController))
 8 SYSTEMPATH\CodeIgniter.php(354): CodeIgniter\CodeIgniter->handleRequest(null, Object(Config\Cache), false)
 9 SYSTEMPATH\Boot.php(334): CodeIgniter\CodeIgniter->run()
10 SYSTEMPATH\Boot.php(67): CodeIgniter\Boot::runCodeIgniter(Object(CodeIgniter\CodeIgniter))
11 FCPATH\index.php(59): CodeIgniter\Boot::bootWeb(Object(Config\Paths))
12 SYSTEMPATH\rewrite.php(44): require_once('D:\\Work\\xampp824\\htdocs\\ciproject\\public\\index.php')
CRITICAL - 2025-08-21 10:18:57 --> CodeIgniter\Exceptions\RuntimeException: View themes, no current section.
[Method: GET, Route: admin/products]
in SYSTEMPATH\View\View.php on line 430.
 1 APPPATH\Views\admin\products_grid.php(84): CodeIgniter\View\View->endSection()
 2 SYSTEMPATH\View\View.php(224): include('D:\\Work\\xampp824\\htdocs\\ciproject\\app\\Views\\admin\\products_grid.php')
 3 SYSTEMPATH\View\View.php(227): CodeIgniter\View\View->CodeIgniter\View\{closure}()
 4 SYSTEMPATH\Common.php(1173): CodeIgniter\View\View->render('admin/products_grid', [], true)
 5 APPPATH\Controllers\Admin\ProductController.php(15): view('admin/products_grid', [...])
 6 SYSTEMPATH\CodeIgniter.php(933): App\Controllers\Admin\ProductController->index()
 7 SYSTEMPATH\CodeIgniter.php(507): CodeIgniter\CodeIgniter->runController(Object(App\Controllers\Admin\ProductController))
 8 SYSTEMPATH\CodeIgniter.php(354): CodeIgniter\CodeIgniter->handleRequest(null, Object(Config\Cache), false)
 9 SYSTEMPATH\Boot.php(334): CodeIgniter\CodeIgniter->run()
10 SYSTEMPATH\Boot.php(67): CodeIgniter\Boot::runCodeIgniter(Object(CodeIgniter\CodeIgniter))
11 FCPATH\index.php(59): CodeIgniter\Boot::bootWeb(Object(Config\Paths))
12 SYSTEMPATH\rewrite.php(44): require_once('D:\\Work\\xampp824\\htdocs\\ciproject\\public\\index.php')
CRITICAL - 2025-08-21 10:19:00 --> CodeIgniter\Exceptions\RuntimeException: View themes, no current section.
[Method: GET, Route: admin/products]
in SYSTEMPATH\View\View.php on line 430.
 1 APPPATH\Views\admin\products_grid.php(84): CodeIgniter\View\View->endSection()
 2 SYSTEMPATH\View\View.php(224): include('D:\\Work\\xampp824\\htdocs\\ciproject\\app\\Views\\admin\\products_grid.php')
 3 SYSTEMPATH\View\View.php(227): CodeIgniter\View\View->CodeIgniter\View\{closure}()
 4 SYSTEMPATH\Common.php(1173): CodeIgniter\View\View->render('admin/products_grid', [], true)
 5 APPPATH\Controllers\Admin\ProductController.php(15): view('admin/products_grid', [...])
 6 SYSTEMPATH\CodeIgniter.php(933): App\Controllers\Admin\ProductController->index()
 7 SYSTEMPATH\CodeIgniter.php(507): CodeIgniter\CodeIgniter->runController(Object(App\Controllers\Admin\ProductController))
 8 SYSTEMPATH\CodeIgniter.php(354): CodeIgniter\CodeIgniter->handleRequest(null, Object(Config\Cache), false)
 9 SYSTEMPATH\Boot.php(334): CodeIgniter\CodeIgniter->run()
10 SYSTEMPATH\Boot.php(67): CodeIgniter\Boot::runCodeIgniter(Object(CodeIgniter\CodeIgniter))
11 FCPATH\index.php(59): CodeIgniter\Boot::bootWeb(Object(Config\Paths))
12 SYSTEMPATH\rewrite.php(44): require_once('D:\\Work\\xampp824\\htdocs\\ciproject\\public\\index.php')
CRITICAL - 2025-08-21 11:25:53 --> ErrorException: Undefined array key "status"
[Method: GET, Route: admin/products/edit/2]
in APPPATH\Views\admin\product_form.php on line 25.
 1 APPPATH\Views\admin\product_form.php(25): CodeIgniter\Debug\Exceptions->errorHandler(2, 'Undefined array key "status"', 'D:\\Work\\xampp824\\htdocs\\ciproject\\app\\Views\\admin\\product_form.php', 25)
 2 SYSTEMPATH\View\View.php(224): include('D:\\Work\\xampp824\\htdocs\\ciproject\\app\\Views\\admin\\product_form.php')
 3 SYSTEMPATH\View\View.php(227): CodeIgniter\View\View->CodeIgniter\View\{closure}()
 4 SYSTEMPATH\Common.php(1173): CodeIgniter\View\View->render('admin/product_form', [], true)
 5 APPPATH\Controllers\Admin\ProductController.php(46): view('admin/product_form', [...])
 6 SYSTEMPATH\CodeIgniter.php(933): App\Controllers\Admin\ProductController->edit('2')
 7 SYSTEMPATH\CodeIgniter.php(507): CodeIgniter\CodeIgniter->runController(Object(App\Controllers\Admin\ProductController))
 8 SYSTEMPATH\CodeIgniter.php(354): CodeIgniter\CodeIgniter->handleRequest(null, Object(Config\Cache), false)
 9 SYSTEMPATH\Boot.php(334): CodeIgniter\CodeIgniter->run()
10 SYSTEMPATH\Boot.php(67): CodeIgniter\Boot::runCodeIgniter(Object(CodeIgniter\CodeIgniter))
11 FCPATH\index.php(59): CodeIgniter\Boot::bootWeb(Object(Config\Paths))
12 SYSTEMPATH\rewrite.php(44): require_once('D:\\Work\\xampp824\\htdocs\\ciproject\\public\\index.php')
CRITICAL - 2025-08-21 12:34:39 --> ErrorException: Undefined variable $productModel
[Method: GET, Route: admin/products]
in APPPATH\Controllers\Admin\ProductController.php on line 20.
 1 APPPATH\Controllers\Admin\ProductController.php(20): CodeIgniter\Debug\Exceptions->errorHandler(2, 'Undefined variable $productModel', 'D:\\Work\\xampp824\\htdocs\\ciproject\\app\\Controllers\\Admin\\ProductController.php', 20)
 2 SYSTEMPATH\CodeIgniter.php(933): App\Controllers\Admin\ProductController->index()
 3 SYSTEMPATH\CodeIgniter.php(507): CodeIgniter\CodeIgniter->runController(Object(App\Controllers\Admin\ProductController))
 4 SYSTEMPATH\CodeIgniter.php(354): CodeIgniter\CodeIgniter->handleRequest(null, Object(Config\Cache), false)
 5 SYSTEMPATH\Boot.php(334): CodeIgniter\CodeIgniter->run()
 6 SYSTEMPATH\Boot.php(67): CodeIgniter\Boot::runCodeIgniter(Object(CodeIgniter\CodeIgniter))
 7 FCPATH\index.php(59): CodeIgniter\Boot::bootWeb(Object(Config\Paths))
 8 SYSTEMPATH\rewrite.php(44): require_once('D:\\Work\\xampp824\\htdocs\\ciproject\\public\\index.php')
CRITICAL - 2025-08-21 18:05:14 --> Error: Call to undefined function App\Controllers\Admin\auth()
[Method: GET, Route: admin/products]
in APPPATH\Controllers\Admin\ProductController.php on line 12.
 1 SYSTEMPATH\CodeIgniter.php(933): App\Controllers\Admin\ProductController->index()
 2 SYSTEMPATH\CodeIgniter.php(507): CodeIgniter\CodeIgniter->runController(Object(App\Controllers\Admin\ProductController))
 3 SYSTEMPATH\CodeIgniter.php(354): CodeIgniter\CodeIgniter->handleRequest(null, Object(Config\Cache), false)
 4 SYSTEMPATH\Boot.php(334): CodeIgniter\CodeIgniter->run()
 5 SYSTEMPATH\Boot.php(67): CodeIgniter\Boot::runCodeIgniter(Object(CodeIgniter\CodeIgniter))
 6 FCPATH\index.php(59): CodeIgniter\Boot::bootWeb(Object(Config\Paths))
 7 SYSTEMPATH\rewrite.php(44): require_once('D:\\Work\\xampp824\\htdocs\\ciproject\\public\\index.php')
DEBUG - 2025-08-21 18:05:48 --> Session: Class initialized using 'CodeIgniter\Session\Handlers\FileHandler' driver.
DEBUG - 2025-08-21 18:07:02 --> Session: Class initialized using 'CodeIgniter\Session\Handlers\FileHandler' driver.
DEBUG - 2025-08-21 18:07:35 --> Session: Class initialized using 'CodeIgniter\Session\Handlers\FileHandler' driver.
DEBUG - 2025-08-21 18:09:24 --> Session: Class initialized using 'CodeIgniter\Session\Handlers\FileHandler' driver.
DEBUG - 2025-08-21 18:09:34 --> Session: Class initialized using 'CodeIgniter\Session\Handlers\FileHandler' driver.
DEBUG - 2025-08-21 18:10:44 --> Session: Class initialized using 'CodeIgniter\Session\Handlers\FileHandler' driver.
DEBUG - 2025-08-21 18:10:44 --> Session: Class initialized using 'CodeIgniter\Session\Handlers\FileHandler' driver.
DEBUG - 2025-08-21 18:10:53 --> Session: Class initialized using 'CodeIgniter\Session\Handlers\FileHandler' driver.
DEBUG - 2025-08-21 18:10:53 --> Session: Class initialized using 'CodeIgniter\Session\Handlers\FileHandler' driver.
DEBUG - 2025-08-21 18:10:58 --> Session: Class initialized using 'CodeIgniter\Session\Handlers\FileHandler' driver.
DEBUG - 2025-08-21 18:11:09 --> Session: Class initialized using 'CodeIgniter\Session\Handlers\FileHandler' driver.
DEBUG - 2025-08-21 18:20:50 --> Session: Class initialized using 'CodeIgniter\Session\Handlers\FileHandler' driver.
ERROR - 2025-08-21 18:20:50 --> mysqli_sql_exception: Table 'ciproject.ui_bookmarks' doesn't exist in D:\Work\xampp824\htdocs\ciproject\vendor\codeigniter4\framework\system\Database\MySQLi\Connection.php:327
Stack trace:
#0 D:\Work\xampp824\htdocs\ciproject\vendor\codeigniter4\framework\system\Database\MySQLi\Connection.php(327): mysqli->query('SELECT `hide_fi...', 0)
#1 D:\Work\xampp824\htdocs\ciproject\vendor\codeigniter4\framework\system\Database\BaseConnection.php(738): CodeIgniter\Database\MySQLi\Connection->execute('SELECT `hide_fi...')
#2 D:\Work\xampp824\htdocs\ciproject\vendor\codeigniter4\framework\system\Database\BaseConnection.php(652): CodeIgniter\Database\BaseConnection->simpleQuery('SELECT `hide_fi...')
#3 D:\Work\xampp824\htdocs\ciproject\vendor\codeigniter4\framework\system\Database\BaseBuilder.php(1649): CodeIgniter\Database\BaseConnection->query('SELECT `hide_fi...', Array, false)
#4 D:\Work\xampp824\htdocs\ciproject\vendor\codeigniter4\framework\system\Model.php(928): CodeIgniter\Database\BaseBuilder->get()
#5 D:\Work\xampp824\htdocs\ciproject\app\Controllers\Admin\ProductController.php(18): CodeIgniter\Model->__call('get', Array)
#6 D:\Work\xampp824\htdocs\ciproject\vendor\codeigniter4\framework\system\CodeIgniter.php(933): App\Controllers\Admin\ProductController->index()
#7 D:\Work\xampp824\htdocs\ciproject\vendor\codeigniter4\framework\system\CodeIgniter.php(507): CodeIgniter\CodeIgniter->runController(Object(App\Controllers\Admin\ProductController))
#8 D:\Work\xampp824\htdocs\ciproject\vendor\codeigniter4\framework\system\CodeIgniter.php(354): CodeIgniter\CodeIgniter->handleRequest(NULL, Object(Config\Cache), false)
#9 D:\Work\xampp824\htdocs\ciproject\vendor\codeigniter4\framework\system\Boot.php(334): CodeIgniter\CodeIgniter->run()
#10 D:\Work\xampp824\htdocs\ciproject\vendor\codeigniter4\framework\system\Boot.php(67): CodeIgniter\Boot::runCodeIgniter(Object(CodeIgniter\CodeIgniter))
#11 D:\Work\xampp824\htdocs\ciproject\public\index.php(59): CodeIgniter\Boot::bootWeb(Object(Config\Paths))
#12 D:\Work\xampp824\htdocs\ciproject\vendor\codeigniter4\framework\system\rewrite.php(44): require_once('D:\\Work\\xampp82...')
#13 {main}
CRITICAL - 2025-08-21 18:20:50 --> CodeIgniter\Database\Exceptions\DatabaseException: Table 'ciproject.ui_bookmarks' doesn't exist
[Method: GET, Route: admin/products]
in SYSTEMPATH\Database\BaseConnection.php on line 692.
 1 SYSTEMPATH\Database\BaseBuilder.php(1649): CodeIgniter\Database\BaseConnection->query('SELECT `hide_fields`
FROM `ui_bookmarks`
WHERE `grid_slug` = :grid_slug:
AND `admin_user_id` = :admin_user_id:', [...], false)
 2 SYSTEMPATH\Model.php(928): CodeIgniter\Database\BaseBuilder->get()
 3 APPPATH\Controllers\Admin\ProductController.php(18): CodeIgniter\Model->__call('get', [])
 4 SYSTEMPATH\CodeIgniter.php(933): App\Controllers\Admin\ProductController->index()
 5 SYSTEMPATH\CodeIgniter.php(507): CodeIgniter\CodeIgniter->runController(Object(App\Controllers\Admin\ProductController))
 6 SYSTEMPATH\CodeIgniter.php(354): CodeIgniter\CodeIgniter->handleRequest(null, Object(Config\Cache), false)
 7 SYSTEMPATH\Boot.php(334): CodeIgniter\CodeIgniter->run()
 8 SYSTEMPATH\Boot.php(67): CodeIgniter\Boot::runCodeIgniter(Object(CodeIgniter\CodeIgniter))
 9 FCPATH\index.php(59): CodeIgniter\Boot::bootWeb(Object(Config\Paths))
10 SYSTEMPATH\rewrite.php(44): require_once('D:\\Work\\xampp824\\htdocs\\ciproject\\public\\index.php')
CRITICAL - 2025-08-21 18:20:50 --> [Caused by] CodeIgniter\Database\Exceptions\DatabaseException: Table 'ciproject.ui_bookmarks' doesn't exist
in SYSTEMPATH\Database\MySQLi\Connection.php on line 332.
 1 SYSTEMPATH\Database\BaseConnection.php(738): CodeIgniter\Database\MySQLi\Connection->execute('SELECT `hide_fields`
FROM `ui_bookmarks`
WHERE `grid_slug` = \'product\'
AND `admin_user_id` = \'2\'')
 2 SYSTEMPATH\Database\BaseConnection.php(652): CodeIgniter\Database\BaseConnection->simpleQuery('SELECT `hide_fields`
FROM `ui_bookmarks`
WHERE `grid_slug` = \'product\'
AND `admin_user_id` = \'2\'')
 3 SYSTEMPATH\Database\BaseBuilder.php(1649): CodeIgniter\Database\BaseConnection->query('SELECT `hide_fields`
FROM `ui_bookmarks`
WHERE `grid_slug` = :grid_slug:
AND `admin_user_id` = :admin_user_id:', [...], false)
 4 SYSTEMPATH\Model.php(928): CodeIgniter\Database\BaseBuilder->get()
 5 APPPATH\Controllers\Admin\ProductController.php(18): CodeIgniter\Model->__call('get', [])
 6 SYSTEMPATH\CodeIgniter.php(933): App\Controllers\Admin\ProductController->index()
 7 SYSTEMPATH\CodeIgniter.php(507): CodeIgniter\CodeIgniter->runController(Object(App\Controllers\Admin\ProductController))
 8 SYSTEMPATH\CodeIgniter.php(354): CodeIgniter\CodeIgniter->handleRequest(null, Object(Config\Cache), false)
 9 SYSTEMPATH\Boot.php(334): CodeIgniter\CodeIgniter->run()
10 SYSTEMPATH\Boot.php(67): CodeIgniter\Boot::runCodeIgniter(Object(CodeIgniter\CodeIgniter))
11 FCPATH\index.php(59): CodeIgniter\Boot::bootWeb(Object(Config\Paths))
12 SYSTEMPATH\rewrite.php(44): require_once('D:\\Work\\xampp824\\htdocs\\ciproject\\public\\index.php')
CRITICAL - 2025-08-21 18:20:50 --> [Caused by] mysqli_sql_exception: Table 'ciproject.ui_bookmarks' doesn't exist
in SYSTEMPATH\Database\MySQLi\Connection.php on line 327.
 1 SYSTEMPATH\Database\MySQLi\Connection.php(327): mysqli->query('SELECT `hide_fields`
FROM `ui_bookmarks`
WHERE `grid_slug` = \'product\'
AND `admin_user_id` = \'2\'', 0)
 2 SYSTEMPATH\Database\BaseConnection.php(738): CodeIgniter\Database\MySQLi\Connection->execute('SELECT `hide_fields`
FROM `ui_bookmarks`
WHERE `grid_slug` = \'product\'
AND `admin_user_id` = \'2\'')
 3 SYSTEMPATH\Database\BaseConnection.php(652): CodeIgniter\Database\BaseConnection->simpleQuery('SELECT `hide_fields`
FROM `ui_bookmarks`
WHERE `grid_slug` = \'product\'
AND `admin_user_id` = \'2\'')
 4 SYSTEMPATH\Database\BaseBuilder.php(1649): CodeIgniter\Database\BaseConnection->query('SELECT `hide_fields`
FROM `ui_bookmarks`
WHERE `grid_slug` = :grid_slug:
AND `admin_user_id` = :admin_user_id:', [...], false)
 5 SYSTEMPATH\Model.php(928): CodeIgniter\Database\BaseBuilder->get()
 6 APPPATH\Controllers\Admin\ProductController.php(18): CodeIgniter\Model->__call('get', [])
 7 SYSTEMPATH\CodeIgniter.php(933): App\Controllers\Admin\ProductController->index()
 8 SYSTEMPATH\CodeIgniter.php(507): CodeIgniter\CodeIgniter->runController(Object(App\Controllers\Admin\ProductController))
 9 SYSTEMPATH\CodeIgniter.php(354): CodeIgniter\CodeIgniter->handleRequest(null, Object(Config\Cache), false)
10 SYSTEMPATH\Boot.php(334): CodeIgniter\CodeIgniter->run()
11 SYSTEMPATH\Boot.php(67): CodeIgniter\Boot::runCodeIgniter(Object(CodeIgniter\CodeIgniter))
12 FCPATH\index.php(59): CodeIgniter\Boot::bootWeb(Object(Config\Paths))
13 SYSTEMPATH\rewrite.php(44): require_once('D:\\Work\\xampp824\\htdocs\\ciproject\\public\\index.php')
DEBUG - 2025-08-21 18:21:17 --> Session: Class initialized using 'CodeIgniter\Session\Handlers\FileHandler' driver.
DEBUG - 2025-08-21 18:22:27 --> Session: Class initialized using 'CodeIgniter\Session\Handlers\FileHandler' driver.
DEBUG - 2025-08-21 18:22:41 --> Session: Class initialized using 'CodeIgniter\Session\Handlers\FileHandler' driver.
DEBUG - 2025-08-21 18:23:14 --> Session: Class initialized using 'CodeIgniter\Session\Handlers\FileHandler' driver.
CRITICAL - 2025-08-21 18:23:14 --> CodeIgniter\Exceptions\BadMethodCallException: Call to undefined method App\Models\Admin\UiBookmarkModel::getRow
[Method: GET, Route: admin/products]
in SYSTEMPATH\Model.php on line 930.
 1 APPPATH\Controllers\Admin\ProductController.php(17): CodeIgniter\Model->__call('getRow', [])
 2 SYSTEMPATH\CodeIgniter.php(933): App\Controllers\Admin\ProductController->index()
 3 SYSTEMPATH\CodeIgniter.php(507): CodeIgniter\CodeIgniter->runController(Object(App\Controllers\Admin\ProductController))
 4 SYSTEMPATH\CodeIgniter.php(354): CodeIgniter\CodeIgniter->handleRequest(null, Object(Config\Cache), false)
 5 SYSTEMPATH\Boot.php(334): CodeIgniter\CodeIgniter->run()
 6 SYSTEMPATH\Boot.php(67): CodeIgniter\Boot::runCodeIgniter(Object(CodeIgniter\CodeIgniter))
 7 FCPATH\index.php(59): CodeIgniter\Boot::bootWeb(Object(Config\Paths))
 8 SYSTEMPATH\rewrite.php(44): require_once('D:\\Work\\xampp824\\htdocs\\ciproject\\public\\index.php')
DEBUG - 2025-08-21 18:24:55 --> Session: Class initialized using 'CodeIgniter\Session\Handlers\FileHandler' driver.
DEBUG - 2025-08-21 18:25:21 --> Session: Class initialized using 'CodeIgniter\Session\Handlers\FileHandler' driver.
