CRITICAL - 2025-10-27 06:48:07 --> Error: Class "CI_Controller" not found
[Method: GET, Route: zipFind]
in APPPATH\Controllers\ZipController.php on line 6.
 1 VENDORPATH\composer\ClassLoader.php(576): include()
 2 VENDORPATH\composer\ClassLoader.php(427): Composer\Autoload\{closure}('D:\\Work\\xampp824\\htdocs\\ciproject\\vendor\\composer/../../app\\Controllers\\ZipController.php')
 3 [internal function]: Composer\Autoload\ClassLoader->loadClass('App\\Controllers\\ZipController')
 4 SYSTEMPATH\CodeIgniter.php(885): class_exists('\\App\\Controllers\\ZipController', true)
 5 SYSTEMPATH\CodeIgniter.php(494): CodeIgniter\CodeIgniter->startController()
 6 SYSTEMPATH\CodeIgniter.php(354): CodeIgniter\CodeIgniter->handleRequest(null, Object(Config\Cache), false)
 7 SYSTEMPATH\Boot.php(334): CodeIgniter\CodeIgniter->run()
 8 SYSTEMPATH\Boot.php(67): CodeIgniter\Boot::runCodeIgniter(Object(CodeIgniter\CodeIgniter))
 9 FCPATH\index.php(59): CodeIgniter\Boot::bootWeb(Object(Config\Paths))
10 SYSTEMPATH\rewrite.php(44): require_once('D:\\Work\\xampp824\\htdocs\\ciproject\\public\\index.php')
CRITICAL - 2025-10-27 06:48:23 --> Error: Class "BaseController" not found
[Method: GET, Route: zipFind]
in APPPATH\Controllers\ZipController.php on line 6.
 1 VENDORPATH\composer\ClassLoader.php(576): include()
 2 VENDORPATH\composer\ClassLoader.php(427): Composer\Autoload\{closure}('D:\\Work\\xampp824\\htdocs\\ciproject\\vendor\\composer/../../app\\Controllers\\ZipController.php')
 3 [internal function]: Composer\Autoload\ClassLoader->loadClass('App\\Controllers\\ZipController')
 4 SYSTEMPATH\CodeIgniter.php(885): class_exists('\\App\\Controllers\\ZipController', true)
 5 SYSTEMPATH\CodeIgniter.php(494): CodeIgniter\CodeIgniter->startController()
 6 SYSTEMPATH\CodeIgniter.php(354): CodeIgniter\CodeIgniter->handleRequest(null, Object(Config\Cache), false)
 7 SYSTEMPATH\Boot.php(334): CodeIgniter\CodeIgniter->run()
 8 SYSTEMPATH\Boot.php(67): CodeIgniter\Boot::runCodeIgniter(Object(CodeIgniter\CodeIgniter))
 9 FCPATH\index.php(59): CodeIgniter\Boot::bootWeb(Object(Config\Paths))
10 SYSTEMPATH\rewrite.php(44): require_once('D:\\Work\\xampp824\\htdocs\\ciproject\\public\\index.php')
CRITICAL - 2025-10-27 06:48:25 --> Error: Class "BaseController" not found
[Method: GET, Route: zipFind]
in APPPATH\Controllers\ZipController.php on line 6.
 1 VENDORPATH\composer\ClassLoader.php(576): include()
 2 VENDORPATH\composer\ClassLoader.php(427): Composer\Autoload\{closure}('D:\\Work\\xampp824\\htdocs\\ciproject\\vendor\\composer/../../app\\Controllers\\ZipController.php')
 3 [internal function]: Composer\Autoload\ClassLoader->loadClass('App\\Controllers\\ZipController')
 4 SYSTEMPATH\CodeIgniter.php(885): class_exists('\\App\\Controllers\\ZipController', true)
 5 SYSTEMPATH\CodeIgniter.php(494): CodeIgniter\CodeIgniter->startController()
 6 SYSTEMPATH\CodeIgniter.php(354): CodeIgniter\CodeIgniter->handleRequest(null, Object(Config\Cache), false)
 7 SYSTEMPATH\Boot.php(334): CodeIgniter\CodeIgniter->run()
 8 SYSTEMPATH\Boot.php(67): CodeIgniter\Boot::runCodeIgniter(Object(CodeIgniter\CodeIgniter))
 9 FCPATH\index.php(59): CodeIgniter\Boot::bootWeb(Object(Config\Paths))
10 SYSTEMPATH\rewrite.php(44): require_once('D:\\Work\\xampp824\\htdocs\\ciproject\\public\\index.php')
CRITICAL - 2025-10-27 06:48:59 --> ErrorException: Undefined property: App\Controllers\ZipController::$load
[Method: GET, Route: zipFind]
in APPPATH\Controllers\ZipController.php on line 11.
 1 APPPATH\Controllers\ZipController.php(11): CodeIgniter\Debug\Exceptions->errorHandler(2, 'Undefined property: App\\Controllers\\ZipController::$load', 'D:\\Work\\xampp824\\htdocs\\ciproject\\app\\Controllers\\ZipController.php', 11)
 2 SYSTEMPATH\CodeIgniter.php(933): App\Controllers\ZipController->index()
 3 SYSTEMPATH\CodeIgniter.php(507): CodeIgniter\CodeIgniter->runController(Object(App\Controllers\ZipController))
 4 SYSTEMPATH\CodeIgniter.php(354): CodeIgniter\CodeIgniter->handleRequest(null, Object(Config\Cache), false)
 5 SYSTEMPATH\Boot.php(334): CodeIgniter\CodeIgniter->run()
 6 SYSTEMPATH\Boot.php(67): CodeIgniter\Boot::runCodeIgniter(Object(CodeIgniter\CodeIgniter))
 7 FCPATH\index.php(59): CodeIgniter\Boot::bootWeb(Object(Config\Paths))
 8 SYSTEMPATH\rewrite.php(44): require_once('D:\\Work\\xampp824\\htdocs\\ciproject\\public\\index.php')
CRITICAL - 2025-10-27 06:58:33 --> ErrorException: Undefined property: App\Controllers\ZipController::$input
[Method: POST, Route: process_excel]
in APPPATH\Controllers\ZipController.php on line 15.
 1 APPPATH\Controllers\ZipController.php(15): CodeIgniter\Debug\Exceptions->errorHandler(2, 'Undefined property: App\\Controllers\\ZipController::$input', 'D:\\Work\\xampp824\\htdocs\\ciproject\\app\\Controllers\\ZipController.php', 15)
 2 SYSTEMPATH\CodeIgniter.php(933): App\Controllers\ZipController->process_excel()
 3 SYSTEMPATH\CodeIgniter.php(507): CodeIgniter\CodeIgniter->runController(Object(App\Controllers\ZipController))
 4 SYSTEMPATH\CodeIgniter.php(354): CodeIgniter\CodeIgniter->handleRequest(null, Object(Config\Cache), false)
 5 SYSTEMPATH\Boot.php(334): CodeIgniter\CodeIgniter->run()
 6 SYSTEMPATH\Boot.php(67): CodeIgniter\Boot::runCodeIgniter(Object(CodeIgniter\CodeIgniter))
 7 FCPATH\index.php(59): CodeIgniter\Boot::bootWeb(Object(Config\Paths))
 8 SYSTEMPATH\rewrite.php(44): require_once('D:\\Work\\xampp824\\htdocs\\ciproject\\public\\index.php')
CRITICAL - 2025-10-27 07:01:14 --> ErrorException: file_get_contents(https://nominatim.openstreetmap.org/search?format=json&amp;q=Washington): Failed to open stream: HTTP request failed! HTTP/1.1 403 Forbidden

[Method: POST, Route: process_excel]
in APPPATH\Controllers\ZipController.php on line 69.
 1 [internal function]: CodeIgniter\Debug\Exceptions->errorHandler(2, 'file_get_contents(https://nominatim.openstreetmap.org/search?format=json&amp;q=Washington): Failed to open stream: HTTP request failed! HTTP/1.1 403 Forbidden
', 'D:\\Work\\xampp824\\htdocs\\ciproject\\app\\Controllers\\ZipController.php', 69)
 2 APPPATH\Controllers\ZipController.php(69): file_get_contents('https://nominatim.openstreetmap.org/search?format=json&q=Washington')
 3 APPPATH\Controllers\ZipController.php(28): App\Controllers\ZipController->getCoordinates('Washington')
 4 SYSTEMPATH\CodeIgniter.php(933): App\Controllers\ZipController->process_excel()
 5 SYSTEMPATH\CodeIgniter.php(507): CodeIgniter\CodeIgniter->runController(Object(App\Controllers\ZipController))
 6 SYSTEMPATH\CodeIgniter.php(354): CodeIgniter\CodeIgniter->handleRequest(null, Object(Config\Cache), false)
 7 SYSTEMPATH\Boot.php(334): CodeIgniter\CodeIgniter->run()
 8 SYSTEMPATH\Boot.php(67): CodeIgniter\Boot::runCodeIgniter(Object(CodeIgniter\CodeIgniter))
 9 FCPATH\index.php(59): CodeIgniter\Boot::bootWeb(Object(Config\Paths))
10 SYSTEMPATH\rewrite.php(44): require_once('D:\\Work\\xampp824\\htdocs\\ciproject\\public\\index.php')
CRITICAL - 2025-10-27 07:01:28 --> ErrorException: file_get_contents(https://nominatim.openstreetmap.org/search?format=json&amp;q=Washington): Failed to open stream: HTTP request failed! HTTP/1.1 403 Forbidden

[Method: POST, Route: process_excel]
in APPPATH\Controllers\ZipController.php on line 69.
 1 [internal function]: CodeIgniter\Debug\Exceptions->errorHandler(2, 'file_get_contents(https://nominatim.openstreetmap.org/search?format=json&amp;q=Washington): Failed to open stream: HTTP request failed! HTTP/1.1 403 Forbidden
', 'D:\\Work\\xampp824\\htdocs\\ciproject\\app\\Controllers\\ZipController.php', 69)
 2 APPPATH\Controllers\ZipController.php(69): file_get_contents('https://nominatim.openstreetmap.org/search?format=json&q=Washington')
 3 APPPATH\Controllers\ZipController.php(28): App\Controllers\ZipController->getCoordinates('Washington')
 4 SYSTEMPATH\CodeIgniter.php(933): App\Controllers\ZipController->process_excel()
 5 SYSTEMPATH\CodeIgniter.php(507): CodeIgniter\CodeIgniter->runController(Object(App\Controllers\ZipController))
 6 SYSTEMPATH\CodeIgniter.php(354): CodeIgniter\CodeIgniter->handleRequest(null, Object(Config\Cache), false)
 7 SYSTEMPATH\Boot.php(334): CodeIgniter\CodeIgniter->run()
 8 SYSTEMPATH\Boot.php(67): CodeIgniter\Boot::runCodeIgniter(Object(CodeIgniter\CodeIgniter))
 9 FCPATH\index.php(59): CodeIgniter\Boot::bootWeb(Object(Config\Paths))
10 SYSTEMPATH\rewrite.php(44): require_once('D:\\Work\\xampp824\\htdocs\\ciproject\\public\\index.php')
CRITICAL - 2025-10-27 07:39:40 --> ErrorException: Maximum execution time of 60 seconds exceeded
[Method: POST, Route: process_excel]
in APPPATH\Controllers\ZipController.php on line 77.
 1 [internal function]: CodeIgniter\Debug\Exceptions->shutdownHandler()
CRITICAL - 2025-10-27 07:42:19 --> ErrorException: Maximum execution time of 60 seconds exceeded
[Method: POST, Route: process_excel]
in APPPATH\Controllers\ZipController.php on line 77.
 1 [internal function]: CodeIgniter\Debug\Exceptions->shutdownHandler()
CRITICAL - 2025-10-27 07:49:47 --> ErrorException: Maximum execution time of 300 seconds exceeded
[Method: POST, Route: process_excel]
in APPPATH\Controllers\ZipController.php on line 78.
 1 [internal function]: CodeIgniter\Debug\Exceptions->shutdownHandler()
CRITICAL - 2025-10-27 09:10:06 --> ErrorException: file_get_contents(https://nominatim.openstreetmap.org/search?format=json&amp;q=20001): Failed to open stream: HTTP request failed! HTTP/1.1 403 Forbidden

[Method: POST, Route: process_excel]
in APPPATH\Controllers\ZipController.php on line 85.
 1 [internal function]: CodeIgniter\Debug\Exceptions->errorHandler(2, 'file_get_contents(https://nominatim.openstreetmap.org/search?format=json&amp;q=20001): Failed to open stream: HTTP request failed! HTTP/1.1 403 Forbidden
', 'D:\\Work\\xampp824\\htdocs\\ciproject\\app\\Controllers\\ZipController.php', 85)
 2 APPPATH\Controllers\ZipController.php(85): file_get_contents('https://nominatim.openstreetmap.org/search?format=json&q=20001', false, resource (stream-context))
 3 APPPATH\Controllers\ZipController.php(31): App\Controllers\ZipController->getCoordinates('20001')
 4 SYSTEMPATH\CodeIgniter.php(933): App\Controllers\ZipController->process_excel()
 5 SYSTEMPATH\CodeIgniter.php(507): CodeIgniter\CodeIgniter->runController(Object(App\Controllers\ZipController))
 6 SYSTEMPATH\CodeIgniter.php(354): CodeIgniter\CodeIgniter->handleRequest(null, Object(Config\Cache), false)
 7 SYSTEMPATH\Boot.php(334): CodeIgniter\CodeIgniter->run()
 8 SYSTEMPATH\Boot.php(67): CodeIgniter\Boot::runCodeIgniter(Object(CodeIgniter\CodeIgniter))
 9 FCPATH\index.php(59): CodeIgniter\Boot::bootWeb(Object(Config\Paths))
10 SYSTEMPATH\rewrite.php(44): require_once('D:\\Work\\xampp824\\htdocs\\ciproject\\public\\index.php')
CRITICAL - 2025-10-27 09:37:36 --> ErrorException: file_get_contents(https://nominatim.openstreetmap.org/search?format=json&amp;q=20001): Failed to open stream: HTTP request failed! HTTP/1.1 403 Forbidden

[Method: POST, Route: process_excel]
in APPPATH\Controllers\ZipController.php on line 87.
 1 [internal function]: CodeIgniter\Debug\Exceptions->errorHandler(2, 'file_get_contents(https://nominatim.openstreetmap.org/search?format=json&amp;q=20001): Failed to open stream: HTTP request failed! HTTP/1.1 403 Forbidden
', 'D:\\Work\\xampp824\\htdocs\\ciproject\\app\\Controllers\\ZipController.php', 87)
 2 APPPATH\Controllers\ZipController.php(87): file_get_contents('https://nominatim.openstreetmap.org/search?format=json&q=20001', false, resource (stream-context))
 3 APPPATH\Controllers\ZipController.php(31): App\Controllers\ZipController->getCoordinates('20001')
 4 SYSTEMPATH\CodeIgniter.php(933): App\Controllers\ZipController->process_excel()
 5 SYSTEMPATH\CodeIgniter.php(507): CodeIgniter\CodeIgniter->runController(Object(App\Controllers\ZipController))
 6 SYSTEMPATH\CodeIgniter.php(354): CodeIgniter\CodeIgniter->handleRequest(null, Object(Config\Cache), false)
 7 SYSTEMPATH\Boot.php(334): CodeIgniter\CodeIgniter->run()
 8 SYSTEMPATH\Boot.php(67): CodeIgniter\Boot::runCodeIgniter(Object(CodeIgniter\CodeIgniter))
 9 FCPATH\index.php(59): CodeIgniter\Boot::bootWeb(Object(Config\Paths))
10 SYSTEMPATH\rewrite.php(44): require_once('D:\\Work\\xampp824\\htdocs\\ciproject\\public\\index.php')
CRITICAL - 2025-10-27 09:37:46 --> ErrorException: file_get_contents(https://nominatim.openstreetmap.org/search?format=json&amp;q=20001): Failed to open stream: HTTP request failed! HTTP/1.1 403 Forbidden

[Method: POST, Route: process_excel]
in APPPATH\Controllers\ZipController.php on line 87.
 1 [internal function]: CodeIgniter\Debug\Exceptions->errorHandler(2, 'file_get_contents(https://nominatim.openstreetmap.org/search?format=json&amp;q=20001): Failed to open stream: HTTP request failed! HTTP/1.1 403 Forbidden
', 'D:\\Work\\xampp824\\htdocs\\ciproject\\app\\Controllers\\ZipController.php', 87)
 2 APPPATH\Controllers\ZipController.php(87): file_get_contents('https://nominatim.openstreetmap.org/search?format=json&q=20001', false, resource (stream-context))
 3 APPPATH\Controllers\ZipController.php(31): App\Controllers\ZipController->getCoordinates('20001')
 4 SYSTEMPATH\CodeIgniter.php(933): App\Controllers\ZipController->process_excel()
 5 SYSTEMPATH\CodeIgniter.php(507): CodeIgniter\CodeIgniter->runController(Object(App\Controllers\ZipController))
 6 SYSTEMPATH\CodeIgniter.php(354): CodeIgniter\CodeIgniter->handleRequest(null, Object(Config\Cache), false)
 7 SYSTEMPATH\Boot.php(334): CodeIgniter\CodeIgniter->run()
 8 SYSTEMPATH\Boot.php(67): CodeIgniter\Boot::runCodeIgniter(Object(CodeIgniter\CodeIgniter))
 9 FCPATH\index.php(59): CodeIgniter\Boot::bootWeb(Object(Config\Paths))
10 SYSTEMPATH\rewrite.php(44): require_once('D:\\Work\\xampp824\\htdocs\\ciproject\\public\\index.php')
CRITICAL - 2025-10-27 10:08:23 --> Error: Call to undefined function App\Controllers\show_error()
[Method: POST, Route: process_excel]
in APPPATH\Controllers\ZipController.php on line 34.
 1 SYSTEMPATH\CodeIgniter.php(933): App\Controllers\ZipController->process_excel()
 2 SYSTEMPATH\CodeIgniter.php(507): CodeIgniter\CodeIgniter->runController(Object(App\Controllers\ZipController))
 3 SYSTEMPATH\CodeIgniter.php(354): CodeIgniter\CodeIgniter->handleRequest(null, Object(Config\Cache), false)
 4 SYSTEMPATH\Boot.php(334): CodeIgniter\CodeIgniter->run()
 5 SYSTEMPATH\Boot.php(67): CodeIgniter\Boot::runCodeIgniter(Object(CodeIgniter\CodeIgniter))
 6 FCPATH\index.php(59): CodeIgniter\Boot::bootWeb(Object(Config\Paths))
 7 SYSTEMPATH\rewrite.php(44): require_once('D:\\Work\\xampp824\\htdocs\\ciproject\\public\\index.php')
CRITICAL - 2025-10-27 10:08:42 --> Error: Call to undefined function App\Controllers\show_error()
[Method: POST, Route: process_excel]
in APPPATH\Controllers\ZipController.php on line 34.
 1 SYSTEMPATH\CodeIgniter.php(933): App\Controllers\ZipController->process_excel()
 2 SYSTEMPATH\CodeIgniter.php(507): CodeIgniter\CodeIgniter->runController(Object(App\Controllers\ZipController))
 3 SYSTEMPATH\CodeIgniter.php(354): CodeIgniter\CodeIgniter->handleRequest(null, Object(Config\Cache), false)
 4 SYSTEMPATH\Boot.php(334): CodeIgniter\CodeIgniter->run()
 5 SYSTEMPATH\Boot.php(67): CodeIgniter\Boot::runCodeIgniter(Object(CodeIgniter\CodeIgniter))
 6 FCPATH\index.php(59): CodeIgniter\Boot::bootWeb(Object(Config\Paths))
 7 SYSTEMPATH\rewrite.php(44): require_once('D:\\Work\\xampp824\\htdocs\\ciproject\\public\\index.php')
CRITICAL - 2025-10-27 10:20:32 --> ErrorException: Maximum execution time of 300 seconds exceeded
[Method: POST, Route: process_excel]
in APPPATH\Controllers\ZipController.php on line 94.
 1 [internal function]: CodeIgniter\Debug\Exceptions->shutdownHandler()
CRITICAL - 2025-10-27 10:20:35 --> Error: Call to undefined function App\Controllers\show_error()
[Method: POST, Route: process_excel]
in APPPATH\Controllers\ZipController.php on line 34.
 1 SYSTEMPATH\CodeIgniter.php(933): App\Controllers\ZipController->process_excel()
 2 SYSTEMPATH\CodeIgniter.php(507): CodeIgniter\CodeIgniter->runController(Object(App\Controllers\ZipController))
 3 SYSTEMPATH\CodeIgniter.php(354): CodeIgniter\CodeIgniter->handleRequest(null, Object(Config\Cache), false)
 4 SYSTEMPATH\Boot.php(334): CodeIgniter\CodeIgniter->run()
 5 SYSTEMPATH\Boot.php(67): CodeIgniter\Boot::runCodeIgniter(Object(CodeIgniter\CodeIgniter))
 6 FCPATH\index.php(59): CodeIgniter\Boot::bootWeb(Object(Config\Paths))
 7 SYSTEMPATH\rewrite.php(44): require_once('D:\\Work\\xampp824\\htdocs\\ciproject\\public\\index.php')
CRITICAL - 2025-10-27 10:25:42 --> ErrorException: Undefined variable $address
[Method: POST, Route: process_excel]
in APPPATH\Controllers\ZipController.php on line 93.
 1 APPPATH\Controllers\ZipController.php(93): CodeIgniter\Debug\Exceptions->errorHandler(2, 'Undefined variable $address', 'D:\\Work\\xampp824\\htdocs\\ciproject\\app\\Controllers\\ZipController.php', 93)
 2 APPPATH\Controllers\ZipController.php(31): App\Controllers\ZipController->getCoordinates('20001')
 3 SYSTEMPATH\CodeIgniter.php(933): App\Controllers\ZipController->process_excel()
 4 SYSTEMPATH\CodeIgniter.php(507): CodeIgniter\CodeIgniter->runController(Object(App\Controllers\ZipController))
 5 SYSTEMPATH\CodeIgniter.php(354): CodeIgniter\CodeIgniter->handleRequest(null, Object(Config\Cache), false)
 6 SYSTEMPATH\Boot.php(334): CodeIgniter\CodeIgniter->run()
 7 SYSTEMPATH\Boot.php(67): CodeIgniter\Boot::runCodeIgniter(Object(CodeIgniter\CodeIgniter))
 8 FCPATH\index.php(59): CodeIgniter\Boot::bootWeb(Object(Config\Paths))
 9 SYSTEMPATH\rewrite.php(44): require_once('D:\\Work\\xampp824\\htdocs\\ciproject\\public\\index.php')
CRITICAL - 2025-10-27 10:26:15 --> Error: Cannot use object of type CodeIgniter\HTTP\Response as array
[Method: POST, Route: process_excel]
in APPPATH\Controllers\ZipController.php on line 37.
 1 SYSTEMPATH\CodeIgniter.php(933): App\Controllers\ZipController->process_excel()
 2 SYSTEMPATH\CodeIgniter.php(507): CodeIgniter\CodeIgniter->runController(Object(App\Controllers\ZipController))
 3 SYSTEMPATH\CodeIgniter.php(354): CodeIgniter\CodeIgniter->handleRequest(null, Object(Config\Cache), false)
 4 SYSTEMPATH\Boot.php(334): CodeIgniter\CodeIgniter->run()
 5 SYSTEMPATH\Boot.php(67): CodeIgniter\Boot::runCodeIgniter(Object(CodeIgniter\CodeIgniter))
 6 FCPATH\index.php(59): CodeIgniter\Boot::bootWeb(Object(Config\Paths))
 7 SYSTEMPATH\rewrite.php(44): require_once('D:\\Work\\xampp824\\htdocs\\ciproject\\public\\index.php')
