DEBUG - 2025-08-23 15:41:41 --> Session: Class initialized using 'CodeIgniter\Session\Handlers\FileHandler' driver.
DEBUG - 2025-08-23 15:41:44 --> Session: Class initialized using 'CodeIgniter\Session\Handlers\FileHandler' driver.
DEBUG - 2025-08-23 15:55:45 --> Session: Class initialized using 'CodeIgniter\Session\Handlers\FileHandler' driver.
DEBUG - 2025-08-23 15:55:47 --> Session: Class initialized using 'CodeIgniter\Session\Handlers\FileHandler' driver.
DEBUG - 2025-08-23 16:34:04 --> Session: Class initialized using 'CodeIgniter\Session\Handlers\FileHandler' driver.
DEBUG - 2025-08-23 16:34:16 --> Session: Class initialized using 'CodeIgniter\Session\Handlers\FileHandler' driver.
CRITICAL - 2025-08-23 16:34:18 --> ErrorException: Undefined variable $adminusersModel
[Method: GET, Route: admin/adminusers]
in APPPATH\Controllers\Admin\AdminuserController.php on line 21.
 1 APPPATH\Controllers\Admin\AdminuserController.php(21): CodeIgniter\Debug\Exceptions->errorHandler(2, 'Undefined variable $adminusersModel', 'D:\\Work\\xampp824\\htdocs\\ciproject\\app\\Controllers\\Admin\\AdminuserController.php', 21)
 2 SYSTEMPATH\CodeIgniter.php(933): App\Controllers\Admin\AdminuserController->index()
 3 SYSTEMPATH\CodeIgniter.php(507): CodeIgniter\CodeIgniter->runController(Object(App\Controllers\Admin\AdminuserController))
 4 SYSTEMPATH\CodeIgniter.php(354): CodeIgniter\CodeIgniter->handleRequest(null, Object(Config\Cache), false)
 5 SYSTEMPATH\Boot.php(334): CodeIgniter\CodeIgniter->run()
 6 SYSTEMPATH\Boot.php(67): CodeIgniter\Boot::runCodeIgniter(Object(CodeIgniter\CodeIgniter))
 7 FCPATH\index.php(59): CodeIgniter\Boot::bootWeb(Object(Config\Paths))
 8 SYSTEMPATH\rewrite.php(44): require_once('D:\\Work\\xampp824\\htdocs\\ciproject\\public\\index.php')
CRITICAL - 2025-08-23 16:34:43 --> ErrorException: Undefined variable $hide_fields
[Method: GET, Route: admin/adminusers]
in APPPATH\Controllers\Admin\AdminuserController.php on line 24.
 1 APPPATH\Controllers\Admin\AdminuserController.php(24): CodeIgniter\Debug\Exceptions->errorHandler(2, 'Undefined variable $hide_fields', 'D:\\Work\\xampp824\\htdocs\\ciproject\\app\\Controllers\\Admin\\AdminuserController.php', 24)
 2 SYSTEMPATH\CodeIgniter.php(933): App\Controllers\Admin\AdminuserController->index()
 3 SYSTEMPATH\CodeIgniter.php(507): CodeIgniter\CodeIgniter->runController(Object(App\Controllers\Admin\AdminuserController))
 4 SYSTEMPATH\CodeIgniter.php(354): CodeIgniter\CodeIgniter->handleRequest(null, Object(Config\Cache), false)
 5 SYSTEMPATH\Boot.php(334): CodeIgniter\CodeIgniter->run()
 6 SYSTEMPATH\Boot.php(67): CodeIgniter\Boot::runCodeIgniter(Object(CodeIgniter\CodeIgniter))
 7 FCPATH\index.php(59): CodeIgniter\Boot::bootWeb(Object(Config\Paths))
 8 SYSTEMPATH\rewrite.php(44): require_once('D:\\Work\\xampp824\\htdocs\\ciproject\\public\\index.php')
CRITICAL - 2025-08-23 16:35:24 --> Error: Call to undefined function App\Controllers\Admin\getUiBookmark()
[Method: GET, Route: admin/adminusers]
in APPPATH\Controllers\Admin\AdminuserController.php on line 16.
 1 SYSTEMPATH\CodeIgniter.php(933): App\Controllers\Admin\AdminuserController->index()
 2 SYSTEMPATH\CodeIgniter.php(507): CodeIgniter\CodeIgniter->runController(Object(App\Controllers\Admin\AdminuserController))
 3 SYSTEMPATH\CodeIgniter.php(354): CodeIgniter\CodeIgniter->handleRequest(null, Object(Config\Cache), false)
 4 SYSTEMPATH\Boot.php(334): CodeIgniter\CodeIgniter->run()
 5 SYSTEMPATH\Boot.php(67): CodeIgniter\Boot::runCodeIgniter(Object(CodeIgniter\CodeIgniter))
 6 FCPATH\index.php(59): CodeIgniter\Boot::bootWeb(Object(Config\Paths))
 7 SYSTEMPATH\rewrite.php(44): require_once('D:\\Work\\xampp824\\htdocs\\ciproject\\public\\index.php')
CRITICAL - 2025-08-23 16:35:46 --> ErrorException: Undefined variable $user_id
[Method: GET, Route: admin/adminusers]
in APPPATH\Controllers\Admin\AdminuserController.php on line 18.
 1 APPPATH\Controllers\Admin\AdminuserController.php(18): CodeIgniter\Debug\Exceptions->errorHandler(2, 'Undefined variable $user_id', 'D:\\Work\\xampp824\\htdocs\\ciproject\\app\\Controllers\\Admin\\AdminuserController.php', 18)
 2 SYSTEMPATH\CodeIgniter.php(933): App\Controllers\Admin\AdminuserController->index()
 3 SYSTEMPATH\CodeIgniter.php(507): CodeIgniter\CodeIgniter->runController(Object(App\Controllers\Admin\AdminuserController))
 4 SYSTEMPATH\CodeIgniter.php(354): CodeIgniter\CodeIgniter->handleRequest(null, Object(Config\Cache), false)
 5 SYSTEMPATH\Boot.php(334): CodeIgniter\CodeIgniter->run()
 6 SYSTEMPATH\Boot.php(67): CodeIgniter\Boot::runCodeIgniter(Object(CodeIgniter\CodeIgniter))
 7 FCPATH\index.php(59): CodeIgniter\Boot::bootWeb(Object(Config\Paths))
 8 SYSTEMPATH\rewrite.php(44): require_once('D:\\Work\\xampp824\\htdocs\\ciproject\\public\\index.php')
DEBUG - 2025-08-23 16:36:02 --> Session: Class initialized using 'CodeIgniter\Session\Handlers\FileHandler' driver.
DEBUG - 2025-08-23 16:58:35 --> Session: Class initialized using 'CodeIgniter\Session\Handlers\FileHandler' driver.
DEBUG - 2025-08-23 16:58:38 --> Session: Class initialized using 'CodeIgniter\Session\Handlers\FileHandler' driver.
DEBUG - 2025-08-23 16:58:41 --> Session: Class initialized using 'CodeIgniter\Session\Handlers\FileHandler' driver.
DEBUG - 2025-08-23 17:02:27 --> Session: Class initialized using 'CodeIgniter\Session\Handlers\FileHandler' driver.
DEBUG - 2025-08-23 17:10:13 --> Session: Class initialized using 'CodeIgniter\Session\Handlers\FileHandler' driver.
